2024-03-25 11:01:50.928 [info] Log level: Info
2024-03-25 11:01:50.928 [info] Validating found git in: "git"
2024-03-25 11:01:50.928 [info] Using git "2.44.0" from "git"
2024-03-25 11:01:50.928 [info] > git rev-parse --show-toplevel [16ms]
2024-03-25 11:01:50.960 [info] > git rev-parse --git-dir --git-common-dir [33ms]
2024-03-25 11:01:50.986 [info] Open repository: /home/finn/Documents/Repos/personal-site
2024-03-25 11:01:51.030 [info] > git config --get commit.template [21ms]
2024-03-25 11:01:51.031 [info] > git rev-parse --show-toplevel [5ms]
2024-03-25 11:01:51.074 [info] > git rev-parse --show-toplevel [4ms]
2024-03-25 11:01:51.075 [info] > git for-each-ref --format=%(refname)%00%(upstream:short)%00%(objectname)%00%(upstream:track)%00%(upstream:remotename)%00%(upstream:remoteref) refs/heads/master refs/remotes/master [23ms]
2024-03-25 11:01:51.111 [warning] ENOENT: no such file or directory, open '/home/finn/Documents/Repos/personal-site/.git/refs/remotes/origin/master'
2024-03-25 11:01:51.115 [info] > git rev-parse refs/remotes/origin/master [3ms]
2024-03-25 11:01:51.134 [info] > git rev-parse --show-toplevel [41ms]
2024-03-25 11:01:51.163 [info] > git status -z -uall [30ms]
2024-03-25 11:01:51.215 [info] > git config --get commit.template [20ms]
2024-03-25 11:01:51.219 [info] > git for-each-ref --format=%(refname)%00%(upstream:short)%00%(objectname)%00%(upstream:track)%00%(upstream:remotename)%00%(upstream:remoteref) refs/heads/master refs/remotes/master [6ms]
2024-03-25 11:01:51.237 [warning] ENOENT: no such file or directory, open '/home/finn/Documents/Repos/personal-site/.git/refs/remotes/origin/master'
2024-03-25 11:01:51.241 [info] > git rev-parse refs/remotes/origin/master [3ms]
2024-03-25 11:01:51.290 [info] > git status -z -uall [33ms]
2024-03-25 11:01:51.549 [info] > git check-ignore -v -z --stdin [3ms]
2024-03-25 11:01:58.266 [info] > git check-ignore -v -z --stdin [14ms]
2024-03-25 11:01:58.803 [info] > git check-ignore -v -z --stdin [6ms]
2024-03-25 11:02:00.117 [info] > git check-ignore -v -z --stdin [3ms]
2024-03-25 11:02:00.979 [info] > git check-ignore -v -z --stdin [3ms]
2024-03-25 11:02:02.032 [info] > git check-ignore -v -z --stdin [3ms]
2024-03-25 11:02:03.401 [info] > git check-ignore -v -z --stdin [3ms]
2024-03-25 11:02:03.934 [info] > git check-ignore -v -z --stdin [3ms]
2024-03-25 11:02:04.464 [info] > git check-ignore -v -z --stdin [4ms]
2024-03-25 11:02:05.267 [info] > git check-ignore -v -z --stdin [4ms]
2024-03-25 11:02:11.836 [info] > git show --textconv :src/content/config.ts [30ms]
2024-03-25 11:02:11.837 [info] > git ls-files --stage -- /home/finn/Documents/Repos/personal-site/src/content/config.ts [6ms]
2024-03-25 11:02:11.874 [info] > git cat-file -s b5fe885d6e96b838d297757885145900f4d13cb1 [12ms]
2024-03-25 11:02:12.716 [info] > git show --textconv :src/pages/work.astro [42ms]
2024-03-25 11:02:12.716 [info] > git ls-files --stage -- /home/finn/Documents/Repos/personal-site/src/pages/work.astro [3ms]
2024-03-25 11:02:12.756 [info] > git cat-file -s 0aa5c2cdbc798c2a28ac3f2f85333fa3ba180e88 [7ms]
2024-03-25 11:02:17.858 [info] > git check-ignore -v -z --stdin [2ms]
2024-03-25 11:02:18.491 [info] > git show --textconv :src/content/work/bloom-box.md [38ms]
2024-03-25 11:02:18.493 [info] > git ls-files --stage -- /home/finn/Documents/Repos/personal-site/src/content/work/bloom-box.md [3ms]
2024-03-25 11:02:18.523 [info] > git cat-file -s eac364767064bd4ab65e17c4236400609f817387 [3ms]
2024-03-25 11:02:19.969 [info] > git show --textconv :src/pages/work.astro [28ms]
2024-03-25 11:02:19.972 [info] > git ls-files --stage -- /home/finn/Documents/Repos/personal-site/src/pages/work.astro [3ms]
2024-03-25 11:02:20.000 [info] > git cat-file -s 0aa5c2cdbc798c2a28ac3f2f85333fa3ba180e88 [4ms]
2024-03-25 11:02:30.971 [info] > git check-ignore -v -z --stdin [3ms]
2024-03-25 11:03:04.294 [info] > git config --get commit.template [36ms]
2024-03-25 11:03:04.295 [info] > git for-each-ref --format=%(refname)%00%(upstream:short)%00%(objectname)%00%(upstream:track)%00%(upstream:remotename)%00%(upstream:remoteref) refs/heads/master refs/remotes/master [4ms]
2024-03-25 11:03:04.325 [warning] ENOENT: no such file or directory, open '/home/finn/Documents/Repos/personal-site/.git/refs/remotes/origin/master'
2024-03-25 11:03:04.329 [info] > git rev-parse refs/remotes/origin/master [3ms]
2024-03-25 11:03:04.401 [info] > git status -z -uall [37ms]
2024-03-25 11:03:14.701 [info] > git config --get commit.template [29ms]
2024-03-25 11:03:14.702 [info] > git for-each-ref --format=%(refname)%00%(upstream:short)%00%(objectname)%00%(upstream:track)%00%(upstream:remotename)%00%(upstream:remoteref) refs/heads/master refs/remotes/master [3ms]
2024-03-25 11:03:14.729 [warning] ENOENT: no such file or directory, open '/home/finn/Documents/Repos/personal-site/.git/refs/remotes/origin/master'
2024-03-25 11:03:14.732 [info] > git rev-parse refs/remotes/origin/master [3ms]
2024-03-25 11:03:14.791 [info] > git status -z -uall [32ms]
2024-03-25 11:06:25.077 [info] > git check-ignore -v -z --stdin [5ms]
2024-03-25 11:06:28.807 [info] > git config --get commit.template [24ms]
2024-03-25 11:06:28.809 [info] > git for-each-ref --format=%(refname)%00%(upstream:short)%00%(objectname)%00%(upstream:track)%00%(upstream:remotename)%00%(upstream:remoteref) refs/heads/dev refs/remotes/dev [4ms]
2024-03-25 11:06:28.830 [warning] ENOENT: no such file or directory, open '/home/finn/Documents/Repos/personal-site/.git/refs/remotes/origin/dev'
2024-03-25 11:06:28.833 [info] > git rev-parse refs/remotes/origin/dev [3ms]
2024-03-25 11:06:28.887 [info] > git status -z -uall [30ms]
2024-03-25 11:06:28.894 [info] > git ls-files --stage -- /home/finn/Documents/Repos/personal-site/src/pages/work.astro [8ms]
2024-03-25 11:06:28.921 [info] > git cat-file -s 0aa5c2cdbc798c2a28ac3f2f85333fa3ba180e88 [3ms]
2024-03-25 11:06:28.996 [info] > git show --textconv :src/pages/work.astro [4ms]
2024-03-25 11:06:32.126 [info] > git ls-files --stage -- /home/finn/Documents/Repos/personal-site/src/pages/work.astro [5ms]
2024-03-25 11:06:32.168 [info] > git cat-file -s 0aa5c2cdbc798c2a28ac3f2f85333fa3ba180e88 [5ms]
2024-03-25 11:06:32.214 [info] > git show --textconv :src/pages/work.astro [6ms]
2024-03-25 11:06:35.465 [info] > git config --get commit.template [25ms]
2024-03-25 11:06:35.466 [info] > git for-each-ref --format=%(refname)%00%(upstream:short)%00%(objectname)%00%(upstream:track)%00%(upstream:remotename)%00%(upstream:remoteref) refs/heads/dev refs/remotes/dev [3ms]
2024-03-25 11:06:35.489 [warning] ENOENT: no such file or directory, open '/home/finn/Documents/Repos/personal-site/.git/refs/remotes/origin/dev'
2024-03-25 11:06:35.491 [info] > git rev-parse refs/remotes/origin/dev [3ms]
2024-03-25 11:06:35.520 [info] > git status -z -uall [5ms]
2024-03-25 11:07:01.124 [info] > git show --textconv :src/components/PortfolioPreview.astro [34ms]
2024-03-25 11:07:01.127 [info] > git ls-files --stage -- /home/finn/Documents/Repos/personal-site/src/components/PortfolioPreview.astro [4ms]
2024-03-25 11:07:01.157 [info] > git cat-file -s dbeac403ea1afd70e161a1a82e1bad0a72252754 [3ms]
2024-03-25 11:07:05.400 [info] > git show --textconv :src/pages/work.astro [42ms]
2024-03-25 11:07:05.401 [info] > git ls-files --stage -- /home/finn/Documents/Repos/personal-site/src/pages/work.astro [6ms]
2024-03-25 11:07:05.439 [info] > git cat-file -s 0aa5c2cdbc798c2a28ac3f2f85333fa3ba180e88 [7ms]
2024-03-25 11:07:06.498 [info] > git config --get commit.template [32ms]
2024-03-25 11:07:06.500 [info] > git for-each-ref --format=%(refname)%00%(upstream:short)%00%(objectname)%00%(upstream:track)%00%(upstream:remotename)%00%(upstream:remoteref) refs/heads/dev refs/remotes/dev [3ms]
2024-03-25 11:07:06.526 [warning] ENOENT: no such file or directory, open '/home/finn/Documents/Repos/personal-site/.git/refs/remotes/origin/dev'
2024-03-25 11:07:06.529 [info] > git rev-parse refs/remotes/origin/dev [3ms]
2024-03-25 11:07:06.560 [info] > git status -z -uall [5ms]
2024-03-25 11:07:10.562 [info] > git merge-base refs/heads/dev refs/remotes/origin/dev [4ms]
2024-03-25 11:07:10.602 [info] > git rev-list --count --left-right refs/heads/dev...refs/remotes/origin/dev [5ms]
2024-03-25 11:07:38.568 [info] > git add -A -- . [6ms]
2024-03-25 11:07:38.611 [info] > git -c user.useConfigOnly=true commit --quiet --allow-empty-message --file - [13ms]
2024-03-25 11:07:38.647 [info] > git config --get commit.template [3ms]
2024-03-25 11:07:38.688 [info] > git config --get commit.template [5ms]
2024-03-25 11:07:38.727 [info] > git for-each-ref --format=%(refname)%00%(upstream:short)%00%(objectname)%00%(upstream:track)%00%(upstream:remotename)%00%(upstream:remoteref) refs/heads/dev refs/remotes/dev [5ms]
2024-03-25 11:07:38.761 [warning] ENOENT: no such file or directory, open '/home/finn/Documents/Repos/personal-site/.git/refs/remotes/origin/dev'
2024-03-25 11:07:38.767 [info] > git rev-parse refs/remotes/origin/dev [6ms]
2024-03-25 11:07:38.803 [info] > git status -z -uall [5ms]
2024-03-25 11:07:38.918 [info] > git merge-base refs/heads/dev refs/remotes/origin/dev [44ms]
2024-03-25 11:07:38.957 [info] > git config --get commit.template [42ms]
2024-03-25 11:07:38.960 [info] > git rev-list --count --left-right refs/heads/dev...refs/remotes/origin/dev [4ms]
2024-03-25 11:07:39.000 [info] > git for-each-ref --format=%(refname)%00%(upstream:short)%00%(objectname)%00%(upstream:track)%00%(upstream:remotename)%00%(upstream:remoteref) refs/heads/dev refs/remotes/dev [6ms]
2024-03-25 11:07:39.031 [warning] ENOENT: no such file or directory, open '/home/finn/Documents/Repos/personal-site/.git/refs/remotes/origin/dev'
2024-03-25 11:07:39.034 [info] > git rev-parse refs/remotes/origin/dev [4ms]
2024-03-25 11:07:39.071 [info] > git status -z -uall [5ms]
2024-03-25 11:07:41.359 [info] > git log --oneline --cherry dev...dev@{upstream} -- [5ms]
2024-03-25 11:07:41.436 [info] > git ls-files --stage -- /home/finn/Documents/Repos/personal-site/src/pages/work.astro [3ms]
2024-03-25 11:07:41.471 [info] > git cat-file -s 0aa5c2cdbc798c2a28ac3f2f85333fa3ba180e88 [3ms]
2024-03-25 11:07:41.514 [info] > git show --textconv :src/pages/work.astro [4ms]
2024-03-25 11:07:42.658 [info] > git ls-files --stage -- /home/finn/Documents/Repos/personal-site/src/pages/work.astro [5ms]
2024-03-25 11:07:42.697 [info] > git cat-file -s 0aa5c2cdbc798c2a28ac3f2f85333fa3ba180e88 [3ms]
2024-03-25 11:07:42.743 [info] > git show --textconv :src/pages/work.astro [4ms]
2024-03-25 11:07:43.188 [info] > git pull --tags origin dev [1794ms]
2024-03-25 11:07:43.188 [info] From https://github.com/Fazented/personal-site
 * branch            dev        -> FETCH_HEAD
2024-03-25 11:07:46.870 [info] > git push origin dev:dev [3653ms]
2024-03-25 11:07:46.870 [info] To https://github.com/Fazented/personal-site.git
   aebc22b..a8611a3  dev -> dev
2024-03-25 11:07:46.928 [info] > git config --get commit.template [29ms]
2024-03-25 11:07:46.930 [info] > git for-each-ref --format=%(refname)%00%(upstream:short)%00%(objectname)%00%(upstream:track)%00%(upstream:remotename)%00%(upstream:remoteref) refs/heads/dev refs/remotes/dev [4ms]
2024-03-25 11:07:46.962 [info] > git status -z -uall [5ms]
2024-03-25 11:07:47.007 [info] > git merge-base refs/heads/dev refs/remotes/origin/dev [3ms]
2024-03-25 11:07:47.039 [info] > git rev-list --count --left-right refs/heads/dev...refs/remotes/origin/dev [4ms]
2024-03-25 11:08:14.933 [info] > git ls-files --stage -- /home/finn/Documents/Repos/personal-site/src/pages/work.astro [3ms]
2024-03-25 11:08:14.961 [info] > git cat-file -s 0aa5c2cdbc798c2a28ac3f2f85333fa3ba180e88 [3ms]
2024-03-25 11:08:14.993 [info] > git show --textconv :src/pages/work.astro [3ms]
2024-03-25 11:09:03.364 [info] > git config --get commit.template [4ms]
2024-03-25 11:09:03.443 [info] > git ls-files --stage -- /home/finn/Documents/Repos/personal-site/src/pages/work.astro [41ms]
2024-03-25 11:09:03.480 [info] > git for-each-ref --format=%(refname)%00%(upstream:short)%00%(objectname)%00%(upstream:track)%00%(upstream:remotename)%00%(upstream:remoteref) refs/heads/dev refs/remotes/dev [41ms]
2024-03-25 11:09:03.520 [info] > git cat-file -s 0aa5c2cdbc798c2a28ac3f2f85333fa3ba180e88 [42ms]
2024-03-25 11:09:03.524 [info] > git status -z -uall [6ms]
2024-03-25 11:09:03.565 [info] > git show --textconv :src/pages/work.astro [4ms]
2024-03-25 11:09:08.602 [info] > git config --get commit.template [34ms]
2024-03-25 11:09:08.603 [info] > git for-each-ref --format=%(refname)%00%(upstream:short)%00%(objectname)%00%(upstream:track)%00%(upstream:remotename)%00%(upstream:remoteref) refs/heads/dev refs/remotes/dev [4ms]
2024-03-25 11:09:08.642 [info] > git status -z -uall [5ms]
2024-03-25 11:09:46.322 [info] > git show --textconv :src/pages/index.astro [51ms]
2024-03-25 11:09:46.329 [info] > git ls-files --stage -- /home/finn/Documents/Repos/personal-site/src/pages/index.astro [11ms]
2024-03-25 11:09:46.374 [info] > git cat-file -s e40089fe4860ade665e0e2ef17e98ae5659edfc5 [6ms]
2024-03-25 11:09:48.960 [info] > git config --get commit.template [2ms]
2024-03-25 11:09:48.994 [info] > git for-each-ref --format=%(refname)%00%(upstream:short)%00%(objectname)%00%(upstream:track)%00%(upstream:remotename)%00%(upstream:remoteref) refs/heads/dev refs/remotes/dev [4ms]
2024-03-25 11:09:49.030 [info] > git status -z -uall [5ms]
2024-03-25 11:09:49.077 [info] > git ls-files --stage -- /home/finn/Documents/Repos/personal-site/src/pages/index.astro [3ms]
2024-03-25 11:09:49.111 [info] > git cat-file -s e40089fe4860ade665e0e2ef17e98ae5659edfc5 [5ms]
2024-03-25 11:09:49.181 [info] > git show --textconv :src/pages/index.astro [4ms]
2024-03-25 11:09:50.823 [info] > git ls-files --stage -- /home/finn/Documents/Repos/personal-site/src/pages/index.astro [3ms]
2024-03-25 11:09:50.850 [info] > git cat-file -s e40089fe4860ade665e0e2ef17e98ae5659edfc5 [4ms]
2024-03-25 11:09:50.881 [info] > git show --textconv :src/pages/index.astro [3ms]
2024-03-25 11:09:54.088 [info] > git config --get commit.template [25ms]
2024-03-25 11:09:54.089 [info] > git for-each-ref --format=%(refname)%00%(upstream:short)%00%(objectname)%00%(upstream:track)%00%(upstream:remotename)%00%(upstream:remoteref) refs/heads/dev refs/remotes/dev [3ms]
2024-03-25 11:09:54.120 [info] > git status -z -uall [5ms]
2024-03-25 11:10:16.082 [info] > git show --textconv :src/components/Footer.astro [43ms]
2024-03-25 11:10:16.082 [info] > git ls-files --stage -- /home/finn/Documents/Repos/personal-site/src/components/Footer.astro [4ms]
2024-03-25 11:10:16.123 [info] > git cat-file -s 63c8027c80fb01b565c0b426ee9fa2426a62f9bb [9ms]
2024-03-25 11:10:22.211 [info] > git show --textconv :src/pages/work.astro [38ms]
2024-03-25 11:10:22.217 [info] > git ls-files --stage -- /home/finn/Documents/Repos/personal-site/src/pages/work.astro [8ms]
2024-03-25 11:10:22.254 [info] > git cat-file -s 0aa5c2cdbc798c2a28ac3f2f85333fa3ba180e88 [5ms]
2024-03-25 11:10:48.978 [info] > git config --get commit.template [27ms]
2024-03-25 11:10:48.980 [info] > git for-each-ref --format=%(refname)%00%(upstream:short)%00%(objectname)%00%(upstream:track)%00%(upstream:remotename)%00%(upstream:remoteref) refs/heads/dev refs/remotes/dev [4ms]
2024-03-25 11:10:49.010 [info] > git status -z -uall [5ms]
2024-03-25 11:10:49.054 [info] > git ls-files --stage -- /home/finn/Documents/Repos/personal-site/src/pages/work.astro [3ms]
2024-03-25 11:10:49.082 [info] > git cat-file -s 0aa5c2cdbc798c2a28ac3f2f85333fa3ba180e88 [3ms]
2024-03-25 11:10:49.114 [info] > git show --textconv :src/pages/work.astro [3ms]
2024-03-25 11:10:57.009 [info] > git config --get commit.template [37ms]
2024-03-25 11:10:57.041 [info] > git ls-files --stage -- /home/finn/Documents/Repos/personal-site/src/pages/work.astro [35ms]
2024-03-25 11:10:57.074 [info] > git for-each-ref --format=%(refname)%00%(upstream:short)%00%(objectname)%00%(upstream:track)%00%(upstream:remotename)%00%(upstream:remoteref) refs/heads/dev refs/remotes/dev [35ms]
2024-03-25 11:10:57.076 [info] > git cat-file -s 0aa5c2cdbc798c2a28ac3f2f85333fa3ba180e88 [4ms]
2024-03-25 11:10:57.146 [info] > git status -z -uall [36ms]
2024-03-25 11:10:57.150 [info] > git show --textconv :src/pages/work.astro [5ms]
2024-03-25 11:15:04.202 [info] > git config --get commit.template [68ms]
2024-03-25 11:15:04.204 [info] > git ls-files --stage -- /home/finn/Documents/Repos/personal-site/src/pages/work.astro [35ms]
2024-03-25 11:15:04.235 [info] > git for-each-ref --format=%(refname)%00%(upstream:short)%00%(objectname)%00%(upstream:track)%00%(upstream:remotename)%00%(upstream:remoteref) refs/heads/dev refs/remotes/dev [35ms]
2024-03-25 11:15:04.270 [info] > git cat-file -s 0aa5c2cdbc798c2a28ac3f2f85333fa3ba180e88 [37ms]
2024-03-25 11:15:04.306 [info] > git status -z -uall [37ms]
2024-03-25 11:15:04.314 [info] > git show --textconv :src/pages/work.astro [9ms]
2024-03-25 11:15:09.261 [info] > git show --textconv :src/components/Hero.astro [36ms]
2024-03-25 11:15:09.264 [info] > git ls-files --stage -- /home/finn/Documents/Repos/personal-site/src/components/Hero.astro [5ms]
2024-03-25 11:15:09.303 [info] > git cat-file -s 30460420aca533b784995ffede79a9fcb856448b [5ms]
2024-03-25 11:15:09.389 [info] > git config --get commit.template [33ms]
2024-03-25 11:15:09.391 [info] > git for-each-ref --format=%(refname)%00%(upstream:short)%00%(objectname)%00%(upstream:track)%00%(upstream:remotename)%00%(upstream:remoteref) refs/heads/dev refs/remotes/dev [3ms]
2024-03-25 11:15:09.431 [info] > git status -z -uall [4ms]
2024-03-25 11:15:29.646 [info] > git config --get commit.template [30ms]
2024-03-25 11:15:29.647 [info] > git for-each-ref --format=%(refname)%00%(upstream:short)%00%(objectname)%00%(upstream:track)%00%(upstream:remotename)%00%(upstream:remoteref) refs/heads/dev refs/remotes/dev [3ms]
2024-03-25 11:15:29.685 [info] > git status -z -uall [5ms]
2024-03-25 11:15:40.175 [info] > git config --get commit.template [36ms]
2024-03-25 11:15:40.177 [info] > git for-each-ref --format=%(refname)%00%(upstream:short)%00%(objectname)%00%(upstream:track)%00%(upstream:remotename)%00%(upstream:remoteref) refs/heads/dev refs/remotes/dev [4ms]
2024-03-25 11:15:40.216 [info] > git status -z -uall [5ms]
2024-03-25 11:15:47.708 [info] > git config --get commit.template [50ms]
2024-03-25 11:15:47.711 [info] > git for-each-ref --format=%(refname)%00%(upstream:short)%00%(objectname)%00%(upstream:track)%00%(upstream:remotename)%00%(upstream:remoteref) refs/heads/dev refs/remotes/dev [5ms]
2024-03-25 11:15:47.761 [info] > git status -z -uall [5ms]
2024-03-25 11:16:02.324 [info] > git config --get commit.template [36ms]
2024-03-25 11:16:02.352 [info] > git ls-files --stage -- /home/finn/Documents/Repos/personal-site/src/components/Hero.astro [30ms]
2024-03-25 11:16:02.378 [info] > git for-each-ref --format=%(refname)%00%(upstream:short)%00%(objectname)%00%(upstream:track)%00%(upstream:remotename)%00%(upstream:remoteref) refs/heads/dev refs/remotes/dev [28ms]
2024-03-25 11:16:02.409 [info] > git cat-file -s 30460420aca533b784995ffede79a9fcb856448b [32ms]
2024-03-25 11:16:02.438 [info] > git status -z -uall [30ms]
2024-03-25 11:16:02.442 [info] > git show --textconv :src/components/Hero.astro [5ms]
2024-03-25 11:16:04.263 [info] > git show --textconv :src/content/work/bloom-box.md [27ms]
2024-03-25 11:16:04.265 [info] > git ls-files --stage -- /home/finn/Documents/Repos/personal-site/src/content/work/bloom-box.md [4ms]
2024-03-25 11:16:04.295 [info] > git cat-file -s eac364767064bd4ab65e17c4236400609f817387 [5ms]
2024-03-25 11:16:07.201 [info] > git show --textconv :src/pages/work.astro [38ms]
2024-03-25 11:16:07.204 [info] > git ls-files --stage -- /home/finn/Documents/Repos/personal-site/src/pages/work.astro [7ms]
2024-03-25 11:16:07.243 [info] > git cat-file -s 0aa5c2cdbc798c2a28ac3f2f85333fa3ba180e88 [4ms]
2024-03-25 11:16:15.592 [info] > git show --textconv :src/components/Hero.astro [38ms]
2024-03-25 11:16:15.592 [info] > git ls-files --stage -- /home/finn/Documents/Repos/personal-site/src/components/Hero.astro [4ms]
2024-03-25 11:16:15.634 [info] > git cat-file -s 30460420aca533b784995ffede79a9fcb856448b [6ms]
2024-03-25 11:16:21.060 [info] > git config --get commit.template [28ms]
2024-03-25 11:16:21.061 [info] > git for-each-ref --format=%(refname)%00%(upstream:short)%00%(objectname)%00%(upstream:track)%00%(upstream:remotename)%00%(upstream:remoteref) refs/heads/dev refs/remotes/dev [4ms]
2024-03-25 11:16:21.093 [info] > git status -z -uall [4ms]
2024-03-25 11:16:26.717 [info] > git config --get commit.template [36ms]
2024-03-25 11:16:26.719 [info] > git for-each-ref --format=%(refname)%00%(upstream:short)%00%(objectname)%00%(upstream:track)%00%(upstream:remotename)%00%(upstream:remoteref) refs/heads/dev refs/remotes/dev [4ms]
2024-03-25 11:16:26.756 [info] > git status -z -uall [5ms]
2024-03-25 11:16:34.337 [info] > git config --get commit.template [34ms]
2024-03-25 11:16:34.339 [info] > git for-each-ref --format=%(refname)%00%(upstream:short)%00%(objectname)%00%(upstream:track)%00%(upstream:remotename)%00%(upstream:remoteref) refs/heads/dev refs/remotes/dev [3ms]
2024-03-25 11:16:34.384 [info] > git status -z -uall [6ms]
2024-03-25 11:16:35.290 [info] > git show --textconv :src/pages/work.astro [35ms]
2024-03-25 11:16:35.291 [info] > git ls-files --stage -- /home/finn/Documents/Repos/personal-site/src/pages/work.astro [5ms]
2024-03-25 11:16:35.321 [info] > git cat-file -s 0aa5c2cdbc798c2a28ac3f2f85333fa3ba180e88 [4ms]
2024-03-25 11:16:48.972 [info] > git config --get commit.template [27ms]
2024-03-25 11:16:48.974 [info] > git for-each-ref --format=%(refname)%00%(upstream:short)%00%(objectname)%00%(upstream:track)%00%(upstream:remotename)%00%(upstream:remoteref) refs/heads/dev refs/remotes/dev [3ms]
2024-03-25 11:16:49.003 [info] > git status -z -uall [5ms]
2024-03-25 11:16:49.136 [info] > git ls-files --stage -- /home/finn/Documents/Repos/personal-site/src/pages/work.astro [3ms]
2024-03-25 11:16:49.163 [info] > git cat-file -s 0aa5c2cdbc798c2a28ac3f2f85333fa3ba180e88 [4ms]
2024-03-25 11:16:49.193 [info] > git show --textconv :src/pages/work.astro [4ms]
2024-03-25 11:16:50.811 [info] > git ls-files --stage -- /home/finn/Documents/Repos/personal-site/src/pages/work.astro [2ms]
2024-03-25 11:16:50.839 [info] > git cat-file -s 0aa5c2cdbc798c2a28ac3f2f85333fa3ba180e88 [3ms]
2024-03-25 11:16:50.871 [info] > git show --textconv :src/pages/work.astro [4ms]
2024-03-25 11:16:54.062 [info] > git config --get commit.template [24ms]
2024-03-25 11:16:54.064 [info] > git for-each-ref --format=%(refname)%00%(upstream:short)%00%(objectname)%00%(upstream:track)%00%(upstream:remotename)%00%(upstream:remoteref) refs/heads/dev refs/remotes/dev [3ms]
2024-03-25 11:16:54.092 [info] > git status -z -uall [4ms]
2024-03-25 11:17:09.366 [info] > git config --get commit.template [38ms]
2024-03-25 11:17:09.367 [info] > git for-each-ref --format=%(refname)%00%(upstream:short)%00%(objectname)%00%(upstream:track)%00%(upstream:remotename)%00%(upstream:remoteref) refs/heads/dev refs/remotes/dev [4ms]
2024-03-25 11:17:09.408 [info] > git status -z -uall [4ms]
2024-03-25 11:28:00.775 [info] > git config --get commit.template [40ms]
2024-03-25 11:28:00.777 [info] > git ls-files --stage -- /home/finn/Documents/Repos/personal-site/src/pages/work.astro [4ms]
2024-03-25 11:28:00.840 [info] > git cat-file -s e618f1a1674ec587811eb2cbcf8d5c6ed7fb22cc [32ms]
2024-03-25 11:28:00.841 [info] > git for-each-ref --format=%(refname)%00%(upstream:short)%00%(objectname)%00%(upstream:track)%00%(upstream:remotename)%00%(upstream:remoteref) refs/heads/dev refs/remotes/dev [3ms]
2024-03-25 11:28:00.876 [info] > git status -z -uall [5ms]
2024-03-25 11:28:00.930 [info] > git show --textconv :src/pages/work.astro [4ms]
2024-03-25 11:28:20.420 [info] > git config --get commit.template [32ms]
2024-03-25 11:28:20.452 [info] > git ls-files --stage -- /home/finn/Documents/Repos/personal-site/src/pages/work.astro [33ms]
2024-03-25 11:28:20.486 [info] > git for-each-ref --format=%(refname)%00%(upstream:short)%00%(objectname)%00%(upstream:track)%00%(upstream:remotename)%00%(upstream:remoteref) refs/heads/dev refs/remotes/dev [36ms]
2024-03-25 11:28:20.487 [info] > git cat-file -s e618f1a1674ec587811eb2cbcf8d5c6ed7fb22cc [3ms]
2024-03-25 11:28:20.521 [info] > git status -z -uall [5ms]
2024-03-25 11:28:20.570 [info] > git show --textconv :src/pages/work.astro [4ms]
2024-03-25 11:28:22.416 [info] > git ls-files --stage -- /home/finn/Documents/Repos/personal-site/src/pages/work.astro [2ms]
2024-03-25 11:28:22.449 [info] > git cat-file -s e618f1a1674ec587811eb2cbcf8d5c6ed7fb22cc [3ms]
2024-03-25 11:28:22.489 [info] > git show --textconv :src/pages/work.astro [4ms]
2024-03-25 11:28:25.582 [info] > git config --get commit.template [26ms]
2024-03-25 11:28:25.583 [info] > git for-each-ref --format=%(refname)%00%(upstream:short)%00%(objectname)%00%(upstream:track)%00%(upstream:remotename)%00%(upstream:remoteref) refs/heads/dev refs/remotes/dev [3ms]
2024-03-25 11:28:25.613 [info] > git status -z -uall [5ms]
2024-03-25 11:29:40.883 [info] > git config --get commit.template [32ms]
2024-03-25 11:29:40.910 [info] > git ls-files --stage -- /home/finn/Documents/Repos/personal-site/src/pages/work.astro [29ms]
2024-03-25 11:29:40.939 [info] > git for-each-ref --format=%(refname)%00%(upstream:short)%00%(objectname)%00%(upstream:track)%00%(upstream:remotename)%00%(upstream:remoteref) refs/heads/dev refs/remotes/dev [30ms]
2024-03-25 11:29:40.967 [info] > git cat-file -s e618f1a1674ec587811eb2cbcf8d5c6ed7fb22cc [29ms]
2024-03-25 11:29:40.997 [info] > git status -z -uall [32ms]
2024-03-25 11:29:41.001 [info] > git show --textconv :src/pages/work.astro [5ms]
2024-03-25 11:29:46.055 [info] > git config --get commit.template [24ms]
2024-03-25 11:29:46.057 [info] > git for-each-ref --format=%(refname)%00%(upstream:short)%00%(objectname)%00%(upstream:track)%00%(upstream:remotename)%00%(upstream:remoteref) refs/heads/dev refs/remotes/dev [4ms]
2024-03-25 11:29:46.088 [info] > git status -z -uall [4ms]
2024-03-25 11:30:20.199 [info] > git config --get commit.template [40ms]
2024-03-25 11:30:20.200 [info] > git for-each-ref --format=%(refname)%00%(upstream:short)%00%(objectname)%00%(upstream:track)%00%(upstream:remotename)%00%(upstream:remoteref) refs/heads/dev refs/remotes/dev [3ms]
2024-03-25 11:30:20.278 [info] > git status -z -uall [40ms]
2024-03-25 11:30:20.283 [info] > git ls-files --stage -- /home/finn/Documents/Repos/personal-site/src/pages/work.astro [7ms]
2024-03-25 11:30:20.322 [info] > git cat-file -s e618f1a1674ec587811eb2cbcf8d5c6ed7fb22cc [3ms]
2024-03-25 11:30:20.361 [info] > git show --textconv :src/pages/work.astro [5ms]
2024-03-25 11:30:33.914 [info] > git config --get commit.template [45ms]
2024-03-25 11:30:33.945 [info] > git ls-files --stage -- /home/finn/Documents/Repos/personal-site/src/pages/work.astro [34ms]
2024-03-25 11:30:33.982 [info] > git for-each-ref --format=%(refname)%00%(upstream:short)%00%(objectname)%00%(upstream:track)%00%(upstream:remotename)%00%(upstream:remoteref) refs/heads/dev refs/remotes/dev [38ms]
2024-03-25 11:30:34.022 [info] > git cat-file -s e618f1a1674ec587811eb2cbcf8d5c6ed7fb22cc [41ms]
2024-03-25 11:30:34.057 [info] > git status -z -uall [36ms]
2024-03-25 11:30:34.061 [info] > git show --textconv :src/pages/work.astro [4ms]
2024-03-25 11:33:00.480 [info] > git config --get commit.template [59ms]
2024-03-25 11:33:00.481 [info] > git ls-files --stage -- /home/finn/Documents/Repos/personal-site/src/pages/work.astro [30ms]
2024-03-25 11:33:00.511 [info] > git for-each-ref --format=%(refname)%00%(upstream:short)%00%(objectname)%00%(upstream:track)%00%(upstream:remotename)%00%(upstream:remoteref) refs/heads/dev refs/remotes/dev [31ms]
2024-03-25 11:33:00.544 [info] > git cat-file -s e618f1a1674ec587811eb2cbcf8d5c6ed7fb22cc [34ms]
2024-03-25 11:33:00.577 [info] > git status -z -uall [34ms]
2024-03-25 11:33:00.581 [info] > git show --textconv :src/pages/work.astro [5ms]
2024-03-25 11:34:12.586 [info] > git config --get commit.template [32ms]
2024-03-25 11:34:12.613 [info] > git ls-files --stage -- /home/finn/Documents/Repos/personal-site/src/pages/work.astro [29ms]
2024-03-25 11:34:12.642 [info] > git for-each-ref --format=%(refname)%00%(upstream:short)%00%(objectname)%00%(upstream:track)%00%(upstream:remotename)%00%(upstream:remoteref) refs/heads/dev refs/remotes/dev [29ms]
2024-03-25 11:34:12.671 [info] > git cat-file -s e618f1a1674ec587811eb2cbcf8d5c6ed7fb22cc [31ms]
2024-03-25 11:34:12.675 [info] > git status -z -uall [5ms]
2024-03-25 11:34:12.710 [info] > git show --textconv :src/pages/work.astro [3ms]
2024-03-25 11:41:54.488 [info] > git config --get commit.template [72ms]
2024-03-25 11:41:54.489 [info] > git ls-files --stage -- /home/finn/Documents/Repos/personal-site/src/pages/work.astro [37ms]
2024-03-25 11:41:54.522 [info] > git for-each-ref --format=%(refname)%00%(upstream:short)%00%(objectname)%00%(upstream:track)%00%(upstream:remotename)%00%(upstream:remoteref) refs/heads/dev refs/remotes/dev [34ms]
2024-03-25 11:41:54.523 [info] > git cat-file -s e618f1a1674ec587811eb2cbcf8d5c6ed7fb22cc [3ms]
2024-03-25 11:41:54.594 [info] > git status -z -uall [36ms]
2024-03-25 11:41:54.600 [info] > git show --textconv :src/pages/work.astro [6ms]
2024-03-25 11:41:59.673 [info] > git config --get commit.template [37ms]
2024-03-25 11:41:59.677 [info] > git for-each-ref --format=%(refname)%00%(upstream:short)%00%(objectname)%00%(upstream:track)%00%(upstream:remotename)%00%(upstream:remoteref) refs/heads/dev refs/remotes/dev [6ms]
2024-03-25 11:41:59.717 [info] > git status -z -uall [4ms]
2024-03-25 11:44:24.333 [info] > git config --get commit.template [30ms]
2024-03-25 11:44:24.359 [info] > git ls-files --stage -- /home/finn/Documents/Repos/personal-site/src/pages/work.astro [27ms]
2024-03-25 11:44:24.385 [info] > git for-each-ref --format=%(refname)%00%(upstream:short)%00%(objectname)%00%(upstream:track)%00%(upstream:remotename)%00%(upstream:remoteref) refs/heads/dev refs/remotes/dev [28ms]
2024-03-25 11:44:24.415 [info] > git cat-file -s e618f1a1674ec587811eb2cbcf8d5c6ed7fb22cc [31ms]
2024-03-25 11:44:24.418 [info] > git status -z -uall [5ms]
2024-03-25 11:44:24.453 [info] > git show --textconv :src/pages/work.astro [3ms]
2024-03-25 11:44:29.478 [info] > git config --get commit.template [27ms]
2024-03-25 11:44:29.479 [info] > git for-each-ref --format=%(refname)%00%(upstream:short)%00%(objectname)%00%(upstream:track)%00%(upstream:remotename)%00%(upstream:remoteref) refs/heads/dev refs/remotes/dev [3ms]
2024-03-25 11:44:29.509 [info] > git status -z -uall [5ms]
2024-03-25 11:45:23.152 [info] > git config --get commit.template [27ms]
2024-03-25 11:45:23.183 [info] > git ls-files --stage -- /home/finn/Documents/Repos/personal-site/src/pages/work.astro [32ms]
2024-03-25 11:45:23.211 [info] > git for-each-ref --format=%(refname)%00%(upstream:short)%00%(objectname)%00%(upstream:track)%00%(upstream:remotename)%00%(upstream:remoteref) refs/heads/dev refs/remotes/dev [29ms]
2024-03-25 11:45:23.245 [info] > git cat-file -s e618f1a1674ec587811eb2cbcf8d5c6ed7fb22cc [35ms]
2024-03-25 11:45:23.248 [info] > git status -z -uall [5ms]
2024-03-25 11:45:23.287 [info] > git show --textconv :src/pages/work.astro [5ms]
2024-03-25 11:46:27.713 [info] > git config --get commit.template [37ms]
2024-03-25 11:46:27.746 [info] > git ls-files --stage -- /home/finn/Documents/Repos/personal-site/src/pages/work.astro [34ms]
2024-03-25 11:46:27.779 [info] > git for-each-ref --format=%(refname)%00%(upstream:short)%00%(objectname)%00%(upstream:track)%00%(upstream:remotename)%00%(upstream:remoteref) refs/heads/dev refs/remotes/dev [34ms]
2024-03-25 11:46:27.818 [info] > git cat-file -s e618f1a1674ec587811eb2cbcf8d5c6ed7fb22cc [40ms]
2024-03-25 11:46:27.862 [info] > git status -z -uall [45ms]
2024-03-25 11:46:27.867 [info] > git show --textconv :src/pages/work.astro [6ms]
2024-03-25 11:47:33.603 [info] > git config --get commit.template [40ms]
2024-03-25 11:47:33.637 [info] > git ls-files --stage -- /home/finn/Documents/Repos/personal-site/src/pages/work.astro [35ms]
2024-03-25 11:47:33.671 [info] > git for-each-ref --format=%(refname)%00%(upstream:short)%00%(objectname)%00%(upstream:track)%00%(upstream:remotename)%00%(upstream:remoteref) refs/heads/dev refs/remotes/dev [35ms]
2024-03-25 11:47:33.709 [info] > git cat-file -s e618f1a1674ec587811eb2cbcf8d5c6ed7fb22cc [40ms]
2024-03-25 11:47:33.712 [info] > git status -z -uall [7ms]
2024-03-25 11:47:33.748 [info] > git show --textconv :src/pages/work.astro [3ms]
2024-03-25 12:05:34.154 [info] > git config --get commit.template [33ms]
2024-03-25 12:05:34.156 [info] > git for-each-ref --format=%(refname)%00%(upstream:short)%00%(objectname)%00%(upstream:track)%00%(upstream:remotename)%00%(upstream:remoteref) refs/heads/dev refs/remotes/dev [3ms]
2024-03-25 12:05:34.190 [info] > git status -z -uall [4ms]
2024-03-25 12:08:19.105 [info] > git config --get commit.template [34ms]
2024-03-25 12:08:19.134 [info] > git ls-files --stage -- /home/finn/Documents/Repos/personal-site/src/pages/work.astro [31ms]
2024-03-25 12:08:19.164 [info] > git for-each-ref --format=%(refname)%00%(upstream:short)%00%(objectname)%00%(upstream:track)%00%(upstream:remotename)%00%(upstream:remoteref) refs/heads/dev refs/remotes/dev [31ms]
2024-03-25 12:08:19.197 [info] > git cat-file -s e618f1a1674ec587811eb2cbcf8d5c6ed7fb22cc [33ms]
2024-03-25 12:08:19.227 [info] > git status -z -uall [32ms]
2024-03-25 12:08:19.231 [info] > git show --textconv :src/pages/work.astro [5ms]
2024-03-25 12:08:27.314 [info] > git config --get commit.template [32ms]
2024-03-25 12:08:27.316 [info] > git for-each-ref --format=%(refname)%00%(upstream:short)%00%(objectname)%00%(upstream:track)%00%(upstream:remotename)%00%(upstream:remoteref) refs/heads/dev refs/remotes/dev [3ms]
2024-03-25 12:08:27.345 [info] > git status -z -uall [5ms]
2024-03-25 12:12:43.647 [info] > git config --get commit.template [28ms]
2024-03-25 12:12:43.672 [info] > git ls-files --stage -- /home/finn/Documents/Repos/personal-site/src/pages/work.astro [28ms]
2024-03-25 12:12:43.699 [info] > git for-each-ref --format=%(refname)%00%(upstream:short)%00%(objectname)%00%(upstream:track)%00%(upstream:remotename)%00%(upstream:remoteref) refs/heads/dev refs/remotes/dev [28ms]
2024-03-25 12:12:43.701 [info] > git cat-file -s e618f1a1674ec587811eb2cbcf8d5c6ed7fb22cc [3ms]
2024-03-25 12:12:43.733 [info] > git status -z -uall [4ms]
2024-03-25 12:12:43.851 [info] > git show --textconv :src/pages/work.astro [4ms]
2024-03-25 12:12:48.789 [info] > git config --get commit.template [25ms]
2024-03-25 12:12:48.791 [info] > git for-each-ref --format=%(refname)%00%(upstream:short)%00%(objectname)%00%(upstream:track)%00%(upstream:remotename)%00%(upstream:remoteref) refs/heads/dev refs/remotes/dev [4ms]
2024-03-25 12:12:48.819 [info] > git status -z -uall [4ms]
2024-03-25 12:13:11.184 [info] > git config --get commit.template [3ms]
2024-03-25 12:13:11.214 [info] > git for-each-ref --format=%(refname)%00%(upstream:short)%00%(objectname)%00%(upstream:track)%00%(upstream:remotename)%00%(upstream:remoteref) refs/heads/dev refs/remotes/dev [3ms]
2024-03-25 12:13:11.244 [info] > git status -z -uall [4ms]
2024-03-25 12:22:43.643 [info] > git config --get commit.template [34ms]
2024-03-25 12:22:43.645 [info] > git for-each-ref --format=%(refname)%00%(upstream:short)%00%(objectname)%00%(upstream:track)%00%(upstream:remotename)%00%(upstream:remoteref) refs/heads/dev refs/remotes/dev [4ms]
2024-03-25 12:22:43.685 [info] > git status -z -uall [6ms]
2024-03-25 12:22:48.762 [info] > git config --get commit.template [37ms]
2024-03-25 12:22:48.839 [info] > git show --textconv :src/pages/work.astro [37ms]
2024-03-25 12:22:48.841 [info] > git for-each-ref --format=%(refname)%00%(upstream:short)%00%(objectname)%00%(upstream:track)%00%(upstream:remotename)%00%(upstream:remoteref) refs/heads/dev refs/remotes/dev [80ms]
2024-03-25 12:22:48.844 [info] > git ls-files --stage -- /home/finn/Documents/Repos/personal-site/src/pages/work.astro [9ms]
2024-03-25 12:22:48.913 [info] > git cat-file -s e618f1a1674ec587811eb2cbcf8d5c6ed7fb22cc [36ms]
2024-03-25 12:22:48.916 [info] > git status -z -uall [5ms]
2024-03-25 12:23:04.699 [info] > git config --get commit.template [29ms]
2024-03-25 12:23:04.701 [info] > git for-each-ref --format=%(refname)%00%(upstream:short)%00%(objectname)%00%(upstream:track)%00%(upstream:remotename)%00%(upstream:remoteref) refs/heads/dev refs/remotes/dev [3ms]
2024-03-25 12:23:04.737 [info] > git status -z -uall [5ms]
2024-03-25 12:23:11.207 [info] > git config --get commit.template [35ms]
2024-03-25 12:23:11.208 [info] > git for-each-ref --format=%(refname)%00%(upstream:short)%00%(objectname)%00%(upstream:track)%00%(upstream:remotename)%00%(upstream:remoteref) refs/heads/dev refs/remotes/dev [3ms]
2024-03-25 12:23:11.246 [info] > git status -z -uall [5ms]
2024-03-25 12:23:11.287 [info] > git ls-files --stage -- /home/finn/Documents/Repos/personal-site/src/pages/work.astro [4ms]
2024-03-25 12:23:11.327 [info] > git cat-file -s e618f1a1674ec587811eb2cbcf8d5c6ed7fb22cc [4ms]
2024-03-25 12:23:11.377 [info] > git show --textconv :src/pages/work.astro [6ms]
2024-03-25 12:23:13.013 [info] > git ls-files --stage -- /home/finn/Documents/Repos/personal-site/src/pages/work.astro [3ms]
2024-03-25 12:23:13.039 [info] > git cat-file -s e618f1a1674ec587811eb2cbcf8d5c6ed7fb22cc [3ms]
2024-03-25 12:23:13.076 [info] > git show --textconv :src/pages/work.astro [4ms]
2024-03-25 12:40:21.948 [info] > git config --get commit.template [39ms]
2024-03-25 12:40:21.984 [info] > git ls-files --stage -- /home/finn/Documents/Repos/personal-site/src/pages/work.astro [38ms]
2024-03-25 12:40:22.015 [info] > git for-each-ref --format=%(refname)%00%(upstream:short)%00%(objectname)%00%(upstream:track)%00%(upstream:remotename)%00%(upstream:remoteref) refs/heads/dev refs/remotes/dev [34ms]
2024-03-25 12:40:22.017 [info] > git cat-file -s e618f1a1674ec587811eb2cbcf8d5c6ed7fb22cc [3ms]
2024-03-25 12:40:22.052 [info] > git status -z -uall [5ms]
2024-03-25 12:40:22.103 [info] > git show --textconv :src/pages/work.astro [3ms]
2024-03-25 12:48:07.743 [info] > git config --get commit.template [36ms]
2024-03-25 12:48:07.773 [info] > git ls-files --stage -- /home/finn/Documents/Repos/personal-site/src/pages/work.astro [32ms]
2024-03-25 12:48:07.803 [info] > git for-each-ref --format=%(refname)%00%(upstream:short)%00%(objectname)%00%(upstream:track)%00%(upstream:remotename)%00%(upstream:remoteref) refs/heads/dev refs/remotes/dev [32ms]
2024-03-25 12:48:07.838 [info] > git cat-file -s e618f1a1674ec587811eb2cbcf8d5c6ed7fb22cc [36ms]
2024-03-25 12:48:07.873 [info] > git status -z -uall [36ms]
2024-03-25 12:48:07.878 [info] > git show --textconv :src/pages/work.astro [6ms]
2024-03-25 12:55:33.852 [info] > git config --get commit.template [37ms]
2024-03-25 12:55:33.884 [info] > git ls-files --stage -- /home/finn/Documents/Repos/personal-site/src/pages/work.astro [35ms]
2024-03-25 12:55:33.917 [info] > git for-each-ref --format=%(refname)%00%(upstream:short)%00%(objectname)%00%(upstream:track)%00%(upstream:remotename)%00%(upstream:remoteref) refs/heads/dev refs/remotes/dev [35ms]
2024-03-25 12:55:33.952 [info] > git cat-file -s e618f1a1674ec587811eb2cbcf8d5c6ed7fb22cc [37ms]
2024-03-25 12:55:33.956 [info] > git status -z -uall [6ms]
2024-03-25 12:55:34.002 [info] > git show --textconv :src/pages/work.astro [6ms]
2024-03-25 13:00:33.012 [info] > git config --get commit.template [40ms]
2024-03-25 13:00:33.047 [info] > git ls-files --stage -- /home/finn/Documents/Repos/personal-site/src/pages/work.astro [38ms]
2024-03-25 13:00:33.082 [info] > git for-each-ref --format=%(refname)%00%(upstream:short)%00%(objectname)%00%(upstream:track)%00%(upstream:remotename)%00%(upstream:remoteref) refs/heads/dev refs/remotes/dev [36ms]
2024-03-25 13:00:33.121 [info] > git cat-file -s e618f1a1674ec587811eb2cbcf8d5c6ed7fb22cc [40ms]
2024-03-25 13:00:33.160 [info] > git status -z -uall [40ms]
2024-03-25 13:00:33.165 [info] > git show --textconv :src/pages/work.astro [6ms]
2024-03-25 13:03:47.525 [info] > git config --get commit.template [31ms]
2024-03-25 13:03:47.551 [info] > git ls-files --stage -- /home/finn/Documents/Repos/personal-site/src/pages/work.astro [27ms]
2024-03-25 13:03:47.576 [info] > git for-each-ref --format=%(refname)%00%(upstream:short)%00%(objectname)%00%(upstream:track)%00%(upstream:remotename)%00%(upstream:remoteref) refs/heads/dev refs/remotes/dev [27ms]
2024-03-25 13:03:47.605 [info] > git cat-file -s e618f1a1674ec587811eb2cbcf8d5c6ed7fb22cc [29ms]
2024-03-25 13:03:47.609 [info] > git status -z -uall [5ms]
2024-03-25 13:03:47.643 [info] > git show --textconv :src/pages/work.astro [4ms]
2024-03-25 13:48:15.414 [info] > git config --get commit.template [5ms]
2024-03-25 13:48:15.478 [info] > git ls-files --stage -- /home/finn/Documents/Repos/personal-site/src/pages/work.astro [28ms]
2024-03-25 13:48:15.506 [info] > git for-each-ref --format=%(refname)%00%(upstream:short)%00%(objectname)%00%(upstream:track)%00%(upstream:remotename)%00%(upstream:remoteref) refs/heads/dev refs/remotes/dev [29ms]
2024-03-25 13:48:15.534 [info] > git cat-file -s e618f1a1674ec587811eb2cbcf8d5c6ed7fb22cc [29ms]
2024-03-25 13:48:15.566 [info] > git status -z -uall [33ms]
2024-03-25 13:48:15.572 [info] > git show --textconv :src/pages/work.astro [6ms]
2024-03-25 14:13:34.301 [info] > git config --get commit.template [37ms]
2024-03-25 14:13:34.336 [info] > git ls-files --stage -- /home/finn/Documents/Repos/personal-site/src/pages/work.astro [37ms]
2024-03-25 14:13:34.365 [info] > git for-each-ref --format=%(refname)%00%(upstream:short)%00%(objectname)%00%(upstream:track)%00%(upstream:remotename)%00%(upstream:remoteref) refs/heads/dev refs/remotes/dev [33ms]
2024-03-25 14:13:34.394 [info] > git cat-file -s e618f1a1674ec587811eb2cbcf8d5c6ed7fb22cc [30ms]
2024-03-25 14:13:34.424 [info] > git status -z -uall [31ms]
2024-03-25 14:13:34.428 [info] > git show --textconv :src/pages/work.astro [5ms]
2024-03-25 14:14:20.951 [info] > git config --get commit.template [39ms]
2024-03-25 14:14:20.985 [info] > git ls-files --stage -- /home/finn/Documents/Repos/personal-site/src/pages/work.astro [36ms]
2024-03-25 14:14:21.021 [info] > git for-each-ref --format=%(refname)%00%(upstream:short)%00%(objectname)%00%(upstream:track)%00%(upstream:remotename)%00%(upstream:remoteref) refs/heads/dev refs/remotes/dev [37ms]
2024-03-25 14:14:21.050 [info] > git cat-file -s e618f1a1674ec587811eb2cbcf8d5c6ed7fb22cc [31ms]
2024-03-25 14:14:21.053 [info] > git status -z -uall [4ms]
2024-03-25 14:14:21.129 [info] > git show --textconv :src/pages/work.astro [4ms]
2024-03-25 14:17:12.013 [info] > git config --get commit.template [37ms]
2024-03-25 14:17:12.042 [info] > git ls-files --stage -- /home/finn/Documents/Repos/personal-site/src/pages/work.astro [32ms]
2024-03-25 14:17:12.072 [info] > git for-each-ref --format=%(refname)%00%(upstream:short)%00%(objectname)%00%(upstream:track)%00%(upstream:remotename)%00%(upstream:remoteref) refs/heads/dev refs/remotes/dev [32ms]
2024-03-25 14:17:12.106 [info] > git cat-file -s e618f1a1674ec587811eb2cbcf8d5c6ed7fb22cc [35ms]
2024-03-25 14:17:12.141 [info] > git status -z -uall [36ms]
2024-03-25 14:17:12.146 [info] > git show --textconv :src/pages/work.astro [6ms]
2024-03-25 14:51:13.524 [info] > git config --get commit.template [36ms]
2024-03-25 14:51:13.556 [info] > git ls-files --stage -- /home/finn/Documents/Repos/personal-site/src/pages/work.astro [32ms]
2024-03-25 14:51:13.586 [info] > git for-each-ref --format=%(refname)%00%(upstream:short)%00%(objectname)%00%(upstream:track)%00%(upstream:remotename)%00%(upstream:remoteref) refs/heads/dev refs/remotes/dev [33ms]
2024-03-25 14:51:13.615 [info] > git cat-file -s e618f1a1674ec587811eb2cbcf8d5c6ed7fb22cc [30ms]
2024-03-25 14:51:13.646 [info] > git status -z -uall [32ms]
2024-03-25 14:51:13.650 [info] > git show --textconv :src/pages/work.astro [4ms]
2024-03-25 14:55:22.391 [info] > git config --get commit.template [37ms]
2024-03-25 14:55:22.420 [info] > git ls-files --stage -- /home/finn/Documents/Repos/personal-site/src/pages/work.astro [31ms]
2024-03-25 14:55:22.453 [info] > git for-each-ref --format=%(refname)%00%(upstream:short)%00%(objectname)%00%(upstream:track)%00%(upstream:remotename)%00%(upstream:remoteref) refs/heads/dev refs/remotes/dev [34ms]
2024-03-25 14:55:22.487 [info] > git cat-file -s e618f1a1674ec587811eb2cbcf8d5c6ed7fb22cc [35ms]
2024-03-25 14:55:22.492 [info] > git status -z -uall [6ms]
2024-03-25 14:55:22.536 [info] > git show --textconv :src/pages/work.astro [5ms]
2024-03-25 14:55:27.553 [info] > git config --get commit.template [26ms]
2024-03-25 14:55:27.557 [info] > git for-each-ref --format=%(refname)%00%(upstream:short)%00%(objectname)%00%(upstream:track)%00%(upstream:remotename)%00%(upstream:remoteref) refs/heads/dev refs/remotes/dev [5ms]
2024-03-25 14:55:27.589 [info] > git status -z -uall [5ms]
2024-03-25 14:55:40.157 [info] Log level: Info
2024-03-25 14:55:40.157 [info] Validating found git in: "git"
2024-03-25 14:55:40.157 [info] Using git "2.44.0" from "git"
2024-03-25 14:55:40.157 [info] > git rev-parse --show-toplevel [13ms]
2024-03-25 14:55:40.193 [info] > git rev-parse --git-dir --git-common-dir [7ms]
2024-03-25 14:55:40.230 [info] Open repository: /home/finn/Documents/Repos/E-Whiti-Rolleston-College-2024
2024-03-25 14:55:40.437 [info] > git rev-parse --show-toplevel [154ms]
2024-03-25 14:55:40.439 [info] > git config --get commit.template [178ms]
2024-03-25 14:55:40.665 [info] > git rev-parse --show-toplevel [81ms]
2024-03-25 14:55:40.699 [info] > git for-each-ref --format=%(refname)%00%(upstream:short)%00%(objectname)%00%(upstream:track)%00%(upstream:remotename)%00%(upstream:remoteref) refs/heads/master refs/remotes/master [38ms]
2024-03-25 14:55:40.702 [info] > git rev-parse --show-toplevel [4ms]
2024-03-25 14:55:40.733 [info] > git status -z -uall [8ms]
2024-03-25 14:55:40.779 [info] > git config --get commit.template [5ms]
2024-03-25 14:55:40.807 [info] > git for-each-ref --format=%(refname)%00%(upstream:short)%00%(objectname)%00%(upstream:track)%00%(upstream:remotename)%00%(upstream:remoteref) refs/heads/master refs/remotes/master [5ms]
2024-03-25 14:55:40.839 [info] > git status -z -uall [6ms]
2024-03-25 14:55:40.964 [info] > git check-ignore -v -z --stdin [4ms]
2024-03-25 14:55:41.979 [info] > git show --textconv :app/components/Banner/index.tsx [25ms]
2024-03-25 14:55:41.983 [info] > git ls-files --stage -- /home/finn/Documents/Repos/E-Whiti-Rolleston-College-2024/app/components/Banner/index.tsx [6ms]
2024-03-25 14:55:42.008 [info] > git cat-file -s c9b13633479332c5cbe163f7b717c2b7ae0bc25f [3ms]
2024-03-25 14:55:43.061 [info] > git check-ignore -v -z --stdin [2ms]
2024-03-25 14:55:45.068 [info] > git check-ignore -v -z --stdin [3ms]
2024-03-25 14:57:35.072 [info] > git show --textconv :app/globals.css [36ms]
2024-03-25 14:57:35.074 [info] > git ls-files --stage -- /home/finn/Documents/Repos/E-Whiti-Rolleston-College-2024/app/globals.css [5ms]
2024-03-25 14:57:35.104 [info] > git cat-file -s db5e179a64451ed17580122fd84a823fb3f87a99 [4ms]
