2024-03-28 09:28:52.371 [info] Log level: Info
2024-03-28 09:28:52.371 [info] Validating found git in: "git"
2024-03-28 09:28:52.371 [info] Using git "2.44.0" from "git"
2024-03-28 09:28:52.371 [info] > git rev-parse --show-toplevel [6ms]
2024-03-28 09:28:52.390 [info] > git rev-parse --git-dir --git-common-dir [3ms]
2024-03-28 09:28:52.410 [info] Open repository: /home/finn/Documents/Repos/E-Whiti-Rolleston-College-2024
2024-03-28 09:28:52.460 [info] > git rev-parse --show-toplevel [11ms]
2024-03-28 09:28:52.461 [info] > git config --get commit.template [24ms]
2024-03-28 09:28:52.526 [info] > git rev-parse --show-toplevel [26ms]
2024-03-28 09:28:52.551 [info] > git rev-parse --show-toplevel [5ms]
2024-03-28 09:28:52.553 [info] > git for-each-ref --format=%(refname)%00%(upstream:short)%00%(objectname)%00%(upstream:track)%00%(upstream:remotename)%00%(upstream:remoteref) refs/heads/master refs/remotes/master [31ms]
2024-03-28 09:28:52.621 [info] > git status -z -uall [44ms]
2024-03-28 09:28:53.131 [info] > git config --get commit.template [123ms]
2024-03-28 09:28:53.185 [info] > git check-ignore -v -z --stdin [57ms]
2024-03-28 09:28:53.216 [info] > git for-each-ref --format=%(refname)%00%(upstream:short)%00%(objectname)%00%(upstream:track)%00%(upstream:remotename)%00%(upstream:remoteref) refs/heads/master refs/remotes/master [8ms]
2024-03-28 09:28:53.249 [info] > git status -z -uall [11ms]
2024-03-28 09:28:54.344 [info] > git show --textconv :public/assets/logo/icon.svg [19ms]
2024-03-28 09:28:54.356 [info] > git ls-files --stage -- /home/finn/Documents/Repos/E-Whiti-Rolleston-College-2024/public/assets/logo/icon.svg [13ms]
2024-03-28 09:28:54.374 [info] > git cat-file -s c6f731d3ab49d36c621fd01f5629ce3de4d6a3fe [2ms]
2024-03-28 09:30:37.825 [info] > git config --get commit.template [25ms]
2024-03-28 09:30:37.826 [info] > git for-each-ref --format=%(refname)%00%(upstream:short)%00%(objectname)%00%(upstream:track)%00%(upstream:remotename)%00%(upstream:remoteref) refs/heads/master refs/remotes/master [3ms]
2024-03-28 09:30:37.854 [info] > git status -z -uall [5ms]
2024-03-28 09:31:16.547 [info] > git config --get commit.template [24ms]
2024-03-28 09:31:16.549 [info] > git for-each-ref --format=%(refname)%00%(upstream:short)%00%(objectname)%00%(upstream:track)%00%(upstream:remotename)%00%(upstream:remoteref) refs/heads/master refs/remotes/master [4ms]
2024-03-28 09:31:16.575 [info] > git status -z -uall [4ms]
2024-03-28 09:35:29.896 [info] > git config --get commit.template [28ms]
2024-03-28 09:35:29.898 [info] > git for-each-ref --format=%(refname)%00%(upstream:short)%00%(objectname)%00%(upstream:track)%00%(upstream:remotename)%00%(upstream:remoteref) refs/heads/master refs/remotes/master [3ms]
2024-03-28 09:35:29.928 [info] > git status -z -uall [5ms]
2024-03-28 09:35:36.778 [info] > git config --get commit.template [22ms]
2024-03-28 09:35:36.780 [info] > git for-each-ref --format=%(refname)%00%(upstream:short)%00%(objectname)%00%(upstream:track)%00%(upstream:remotename)%00%(upstream:remoteref) refs/heads/master refs/remotes/master [4ms]
2024-03-28 09:35:36.824 [info] > git status -z -uall [23ms]
2024-03-28 09:35:36.830 [info] > git check-ignore -v -z --stdin [7ms]
2024-03-28 09:35:38.640 [info] > git check-ignore -v -z --stdin [3ms]
2024-03-28 09:35:58.293 [info] > git config --get commit.template [38ms]
2024-03-28 09:35:58.294 [info] > git for-each-ref --format=%(refname)%00%(upstream:short)%00%(objectname)%00%(upstream:track)%00%(upstream:remotename)%00%(upstream:remoteref) refs/heads/master refs/remotes/master [4ms]
2024-03-28 09:35:58.332 [info] > git status -z -uall [6ms]
2024-03-28 09:36:03.382 [info] > git config --get commit.template [20ms]
2024-03-28 09:36:03.383 [info] > git for-each-ref --format=%(refname)%00%(upstream:short)%00%(objectname)%00%(upstream:track)%00%(upstream:remotename)%00%(upstream:remoteref) refs/heads/master refs/remotes/master [3ms]
2024-03-28 09:36:03.408 [info] > git status -z -uall [4ms]
2024-03-28 09:36:10.058 [info] > git config --get commit.template [26ms]
2024-03-28 09:36:10.060 [info] > git for-each-ref --format=%(refname)%00%(upstream:short)%00%(objectname)%00%(upstream:track)%00%(upstream:remotename)%00%(upstream:remoteref) refs/heads/master refs/remotes/master [3ms]
2024-03-28 09:36:10.093 [info] > git status -z -uall [6ms]
2024-03-28 09:36:47.934 [info] > git show --textconv :public/assets/logo/icon.svg [21ms]
2024-03-28 09:36:47.936 [info] > git ls-files --stage -- /home/finn/Documents/Repos/E-Whiti-Rolleston-College-2024/public/assets/logo/icon.svg [3ms]
2024-03-28 09:36:47.960 [info] > git cat-file -s c6f731d3ab49d36c621fd01f5629ce3de4d6a3fe [4ms]
2024-03-28 09:36:52.152 [info] > git config --get commit.template [21ms]
2024-03-28 09:36:52.154 [info] > git for-each-ref --format=%(refname)%00%(upstream:short)%00%(objectname)%00%(upstream:track)%00%(upstream:remotename)%00%(upstream:remoteref) refs/heads/master refs/remotes/master [3ms]
2024-03-28 09:36:52.178 [info] > git status -z -uall [5ms]
2024-03-28 09:36:57.644 [info] > git show --textconv :public/assets/logo/icon.svg [35ms]
2024-03-28 09:36:57.647 [info] > git ls-files --stage -- /home/finn/Documents/Repos/E-Whiti-Rolleston-College-2024/public/assets/logo/icon.svg [3ms]
2024-03-28 09:36:57.673 [info] > git cat-file -s c6f731d3ab49d36c621fd01f5629ce3de4d6a3fe [3ms]
2024-03-28 09:37:01.948 [info] > git show --textconv :public/assets/logo/logo.svg [24ms]
2024-03-28 09:37:01.951 [info] > git ls-files --stage -- /home/finn/Documents/Repos/E-Whiti-Rolleston-College-2024/public/assets/logo/logo.svg [4ms]
2024-03-28 09:37:01.977 [info] > git cat-file -s 58d11958984860a339c12b3a3521430b0a9a4b00 [4ms]
2024-03-28 09:37:13.666 [info] > git check-ignore -v -z --stdin [3ms]
2024-03-28 09:37:15.089 [info] > git check-ignore -v -z --stdin [3ms]
2024-03-28 09:37:16.598 [info] > git check-ignore -v -z --stdin [3ms]
2024-03-28 09:37:19.022 [info] > git check-ignore -v -z --stdin [3ms]
2024-03-28 09:37:24.026 [info] > git check-ignore -v -z --stdin [3ms]
2024-03-28 09:37:26.657 [info] > git check-ignore -v -z --stdin [3ms]
2024-03-28 09:37:31.762 [info] > git check-ignore -v -z --stdin [3ms]
2024-03-28 09:37:34.635 [info] > git ls-files --stage -- /home/finn/Documents/Repos/E-Whiti-Rolleston-College-2024/public/assets/banner/lineone.svg [3ms]
2024-03-28 09:37:34.658 [info] > git show --textconv :public/assets/banner/lineone.svg [49ms]
2024-03-28 09:37:34.660 [info] > git cat-file -s e84d83a3afd6cdb1607b9c493af10e61f2c7991f [3ms]
2024-03-28 09:37:38.567 [info] > git show --textconv :public/assets/features/dollar.svg [23ms]
2024-03-28 09:37:38.569 [info] > git ls-files --stage -- /home/finn/Documents/Repos/E-Whiti-Rolleston-College-2024/public/assets/features/dollar.svg [4ms]
2024-03-28 09:37:38.599 [info] > git cat-file -s e01df28962f12eaed767b2658c4868d0d7108ba2 [5ms]
2024-03-28 09:37:44.408 [info] > git show --textconv :public/assets/footer/twitter.svg [24ms]
2024-03-28 09:37:44.410 [info] > git ls-files --stage -- /home/finn/Documents/Repos/E-Whiti-Rolleston-College-2024/public/assets/footer/twitter.svg [3ms]
2024-03-28 09:37:44.440 [info] > git cat-file -s 1634cf255b75f938b2ae0ed0881701ebddaec550 [4ms]
2024-03-28 09:37:44.908 [info] > git show --textconv :public/assets/footer/logo.svg [21ms]
2024-03-28 09:37:44.910 [info] > git ls-files --stage -- /home/finn/Documents/Repos/E-Whiti-Rolleston-College-2024/public/assets/footer/logo.svg [3ms]
2024-03-28 09:37:44.936 [info] > git cat-file -s f55d5418477357bbe7de08b8ad7fa2e0499b7f3c [3ms]
2024-03-28 09:38:12.722 [info] > git show --textconv :public/assets/logo/icon.svg [24ms]
2024-03-28 09:38:12.724 [info] > git ls-files --stage -- /home/finn/Documents/Repos/E-Whiti-Rolleston-College-2024/public/assets/logo/icon.svg [3ms]
2024-03-28 09:38:12.747 [info] > git cat-file -s c6f731d3ab49d36c621fd01f5629ce3de4d6a3fe [4ms]
2024-03-28 09:38:13.975 [info] > git show --textconv :public/assets/logo/logo.svg [24ms]
2024-03-28 09:38:13.977 [info] > git ls-files --stage -- /home/finn/Documents/Repos/E-Whiti-Rolleston-College-2024/public/assets/logo/logo.svg [3ms]
2024-03-28 09:38:14.002 [info] > git cat-file -s 58d11958984860a339c12b3a3521430b0a9a4b00 [3ms]
2024-03-28 09:50:49.270 [info] > git config --get commit.template [22ms]
2024-03-28 09:50:49.272 [info] > git for-each-ref --format=%(refname)%00%(upstream:short)%00%(objectname)%00%(upstream:track)%00%(upstream:remotename)%00%(upstream:remoteref) refs/heads/master refs/remotes/master [4ms]
2024-03-28 09:50:49.297 [info] > git status -z -uall [4ms]
2024-03-28 09:51:35.908 [info] > git config --get commit.template [31ms]
2024-03-28 09:51:35.910 [info] > git for-each-ref --format=%(refname)%00%(upstream:short)%00%(objectname)%00%(upstream:track)%00%(upstream:remotename)%00%(upstream:remoteref) refs/heads/master refs/remotes/master [3ms]
2024-03-28 09:51:35.944 [info] > git status -z -uall [5ms]
2024-03-28 09:51:40.998 [info] > git config --get commit.template [21ms]
2024-03-28 09:51:41.000 [info] > git for-each-ref --format=%(refname)%00%(upstream:short)%00%(objectname)%00%(upstream:track)%00%(upstream:remotename)%00%(upstream:remoteref) refs/heads/master refs/remotes/master [3ms]
2024-03-28 09:51:41.024 [info] > git status -z -uall [5ms]
2024-03-28 09:51:43.061 [info] > git show --textconv :public/assets/logo/icon.svg [23ms]
2024-03-28 09:51:43.063 [info] > git ls-files --stage -- /home/finn/Documents/Repos/E-Whiti-Rolleston-College-2024/public/assets/logo/icon.svg [3ms]
2024-03-28 09:51:43.091 [info] > git cat-file -s c6f731d3ab49d36c621fd01f5629ce3de4d6a3fe [3ms]
2024-03-28 09:54:52.423 [info] > git config --get commit.template [29ms]
2024-03-28 09:54:52.426 [info] > git for-each-ref --format=%(refname)%00%(upstream:short)%00%(objectname)%00%(upstream:track)%00%(upstream:remotename)%00%(upstream:remoteref) refs/heads/master refs/remotes/master [4ms]
2024-03-28 09:54:52.462 [info] > git status -z -uall [6ms]
2024-03-28 09:54:55.233 [info] > git show --textconv :public/assets/logo/logo.svg [21ms]
2024-03-28 09:54:55.235 [info] > git ls-files --stage -- /home/finn/Documents/Repos/E-Whiti-Rolleston-College-2024/public/assets/logo/logo.svg [3ms]
2024-03-28 09:54:55.258 [info] > git cat-file -s 58d11958984860a339c12b3a3521430b0a9a4b00 [3ms]
2024-03-28 09:54:57.521 [info] > git config --get commit.template [25ms]
2024-03-28 09:54:57.523 [info] > git for-each-ref --format=%(refname)%00%(upstream:short)%00%(objectname)%00%(upstream:track)%00%(upstream:remotename)%00%(upstream:remoteref) refs/heads/master refs/remotes/master [4ms]
2024-03-28 09:54:57.551 [info] > git status -z -uall [4ms]
2024-03-28 09:55:08.701 [info] > git show --textconv :public/assets/banner/lineone.svg [22ms]
2024-03-28 09:55:08.703 [info] > git ls-files --stage -- /home/finn/Documents/Repos/E-Whiti-Rolleston-College-2024/public/assets/banner/lineone.svg [3ms]
2024-03-28 09:55:08.727 [info] > git cat-file -s e84d83a3afd6cdb1607b9c493af10e61f2c7991f [3ms]
2024-03-28 09:55:09.539 [info] > git show --textconv :public/assets/banner/star.svg [27ms]
2024-03-28 09:55:09.541 [info] > git ls-files --stage -- /home/finn/Documents/Repos/E-Whiti-Rolleston-College-2024/public/assets/banner/star.svg [4ms]
2024-03-28 09:55:09.571 [info] > git cat-file -s 0e9b8d4b0d4c1a1662b641cb37bb3d9a21aeb645 [4ms]
2024-03-28 11:04:30.534 [info] > git config --get commit.template [28ms]
2024-03-28 11:04:30.537 [info] > git for-each-ref --format=%(refname)%00%(upstream:short)%00%(objectname)%00%(upstream:track)%00%(upstream:remotename)%00%(upstream:remoteref) refs/heads/master refs/remotes/master [5ms]
2024-03-28 11:04:30.575 [info] > git status -z -uall [6ms]
2024-03-28 11:06:33.782 [info] > git config --get commit.template [29ms]
2024-03-28 11:06:33.784 [info] > git for-each-ref --format=%(refname)%00%(upstream:short)%00%(objectname)%00%(upstream:track)%00%(upstream:remotename)%00%(upstream:remoteref) refs/heads/master refs/remotes/master [4ms]
2024-03-28 11:06:33.817 [info] > git status -z -uall [5ms]
2024-03-28 11:06:41.271 [info] > git config --get commit.template [27ms]
2024-03-28 11:06:41.273 [info] > git for-each-ref --format=%(refname)%00%(upstream:short)%00%(objectname)%00%(upstream:track)%00%(upstream:remotename)%00%(upstream:remoteref) refs/heads/master refs/remotes/master [4ms]
2024-03-28 11:06:41.301 [info] > git status -z -uall [6ms]
2024-03-28 11:06:46.347 [info] > git config --get commit.template [22ms]
2024-03-28 11:06:46.349 [info] > git for-each-ref --format=%(refname)%00%(upstream:short)%00%(objectname)%00%(upstream:track)%00%(upstream:remotename)%00%(upstream:remoteref) refs/heads/master refs/remotes/master [3ms]
2024-03-28 11:06:46.373 [info] > git status -z -uall [4ms]
2024-03-28 11:06:51.428 [info] > git for-each-ref --format=%(refname)%00%(upstream:short)%00%(objectname)%00%(upstream:track)%00%(upstream:remotename)%00%(upstream:remoteref) refs/heads/master refs/remotes/master [5ms]
2024-03-28 11:06:51.428 [info] > git config --get commit.template [29ms]
2024-03-28 11:06:51.458 [info] > git status -z -uall [6ms]
2024-03-28 11:07:12.718 [info] > git config --get commit.template [25ms]
2024-03-28 11:07:12.720 [info] > git for-each-ref --format=%(refname)%00%(upstream:short)%00%(objectname)%00%(upstream:track)%00%(upstream:remotename)%00%(upstream:remoteref) refs/heads/master refs/remotes/master [4ms]
2024-03-28 11:07:12.746 [info] > git status -z -uall [4ms]
2024-03-28 11:07:17.805 [info] > git config --get commit.template [27ms]
2024-03-28 11:07:17.807 [info] > git for-each-ref --format=%(refname)%00%(upstream:short)%00%(objectname)%00%(upstream:track)%00%(upstream:remotename)%00%(upstream:remoteref) refs/heads/master refs/remotes/master [3ms]
2024-03-28 11:07:17.836 [info] > git status -z -uall [5ms]
2024-03-28 11:07:24.570 [info] > git config --get commit.template [25ms]
2024-03-28 11:07:24.573 [info] > git for-each-ref --format=%(refname)%00%(upstream:short)%00%(objectname)%00%(upstream:track)%00%(upstream:remotename)%00%(upstream:remoteref) refs/heads/master refs/remotes/master [3ms]
2024-03-28 11:07:24.602 [info] > git status -z -uall [5ms]
2024-03-28 11:07:49.205 [info] > git config --get commit.template [25ms]
2024-03-28 11:07:49.208 [info] > git for-each-ref --format=%(refname)%00%(upstream:short)%00%(objectname)%00%(upstream:track)%00%(upstream:remotename)%00%(upstream:remoteref) refs/heads/master refs/remotes/master [4ms]
2024-03-28 11:07:49.234 [info] > git status -z -uall [5ms]
2024-03-28 11:07:54.762 [info] > git config --get commit.template [21ms]
2024-03-28 11:07:54.764 [info] > git for-each-ref --format=%(refname)%00%(upstream:short)%00%(objectname)%00%(upstream:track)%00%(upstream:remotename)%00%(upstream:remoteref) refs/heads/master refs/remotes/master [3ms]
2024-03-28 11:07:54.792 [info] > git status -z -uall [7ms]
2024-03-28 11:08:02.013 [info] > git show --textconv :app/page.tsx [48ms]
2024-03-28 11:08:02.013 [info] > git ls-files --stage -- /home/finn/Documents/Repos/E-Whiti-Rolleston-College-2024/app/page.tsx [16ms]
2024-03-28 11:08:02.046 [info] > git cat-file -s d2769336456646bdb4f172c49d378c1c814f6266 [4ms]
2024-03-28 11:08:07.177 [info] > git show --textconv :app/components/Banner/index.tsx [25ms]
2024-03-28 11:08:07.178 [info] > git ls-files --stage -- /home/finn/Documents/Repos/E-Whiti-Rolleston-College-2024/app/components/Banner/index.tsx [3ms]
2024-03-28 11:08:07.202 [info] > git cat-file -s a8336afc97c8ae860a9b05f8ca01d498e112d5bb [3ms]
2024-03-28 11:08:08.361 [info] > git config --get commit.template [24ms]
2024-03-28 11:08:08.362 [info] > git for-each-ref --format=%(refname)%00%(upstream:short)%00%(objectname)%00%(upstream:track)%00%(upstream:remotename)%00%(upstream:remoteref) refs/heads/master refs/remotes/master [3ms]
2024-03-28 11:08:08.393 [info] > git status -z -uall [8ms]
2024-03-28 11:08:08.443 [info] > git ls-files --stage -- /home/finn/Documents/Repos/E-Whiti-Rolleston-College-2024/app/components/Banner/index.tsx [3ms]
2024-03-28 11:08:08.469 [info] > git cat-file -s a8336afc97c8ae860a9b05f8ca01d498e112d5bb [3ms]
2024-03-28 11:08:08.499 [info] > git show --textconv :app/components/Banner/index.tsx [4ms]
2024-03-28 11:08:43.744 [info] > git config --get commit.template [3ms]
2024-03-28 11:08:43.766 [info] > git for-each-ref --format=%(refname)%00%(upstream:short)%00%(objectname)%00%(upstream:track)%00%(upstream:remotename)%00%(upstream:remoteref) refs/heads/master refs/remotes/master [4ms]
2024-03-28 11:08:43.794 [info] > git status -z -uall [7ms]
2024-03-28 11:08:55.356 [info] > git config --get commit.template [24ms]
2024-03-28 11:08:55.358 [info] > git for-each-ref --format=%(refname)%00%(upstream:short)%00%(objectname)%00%(upstream:track)%00%(upstream:remotename)%00%(upstream:remoteref) refs/heads/master refs/remotes/master [4ms]
2024-03-28 11:08:55.393 [info] > git status -z -uall [8ms]
2024-03-28 11:09:00.444 [info] > git config --get commit.template [21ms]
2024-03-28 11:09:00.446 [info] > git for-each-ref --format=%(refname)%00%(upstream:short)%00%(objectname)%00%(upstream:track)%00%(upstream:remotename)%00%(upstream:remoteref) refs/heads/master refs/remotes/master [3ms]
2024-03-28 11:09:00.473 [info] > git status -z -uall [7ms]
2024-03-28 11:09:07.487 [info] > git config --get commit.template [23ms]
2024-03-28 11:09:07.490 [info] > git for-each-ref --format=%(refname)%00%(upstream:short)%00%(objectname)%00%(upstream:track)%00%(upstream:remotename)%00%(upstream:remoteref) refs/heads/master refs/remotes/master [3ms]
2024-03-28 11:09:07.520 [info] > git status -z -uall [8ms]
2024-03-28 11:09:07.566 [info] > git ls-files --stage -- /home/finn/Documents/Repos/E-Whiti-Rolleston-College-2024/app/components/Banner/index.tsx [3ms]
2024-03-28 11:09:07.588 [info] > git cat-file -s a8336afc97c8ae860a9b05f8ca01d498e112d5bb [3ms]
2024-03-28 11:09:07.614 [info] > git show --textconv :app/components/Banner/index.tsx [4ms]
2024-03-28 11:09:09.650 [info] > git ls-files --stage -- /home/finn/Documents/Repos/E-Whiti-Rolleston-College-2024/app/components/Banner/index.tsx [3ms]
2024-03-28 11:09:09.674 [info] > git cat-file -s a8336afc97c8ae860a9b05f8ca01d498e112d5bb [3ms]
2024-03-28 11:09:09.704 [info] > git show --textconv :app/components/Banner/index.tsx [4ms]
2024-03-28 11:09:12.573 [info] > git config --get commit.template [22ms]
2024-03-28 11:09:12.576 [info] > git for-each-ref --format=%(refname)%00%(upstream:short)%00%(objectname)%00%(upstream:track)%00%(upstream:remotename)%00%(upstream:remoteref) refs/heads/master refs/remotes/master [3ms]
2024-03-28 11:09:12.604 [info] > git status -z -uall [7ms]
2024-03-28 11:09:24.059 [info] > git config --get commit.template [29ms]
2024-03-28 11:09:24.061 [info] > git for-each-ref --format=%(refname)%00%(upstream:short)%00%(objectname)%00%(upstream:track)%00%(upstream:remotename)%00%(upstream:remoteref) refs/heads/master refs/remotes/master [3ms]
2024-03-28 11:09:24.096 [info] > git status -z -uall [8ms]
2024-03-28 11:09:36.369 [info] > git config --get commit.template [25ms]
2024-03-28 11:09:36.371 [info] > git for-each-ref --format=%(refname)%00%(upstream:short)%00%(objectname)%00%(upstream:track)%00%(upstream:remotename)%00%(upstream:remoteref) refs/heads/master refs/remotes/master [3ms]
2024-03-28 11:09:36.403 [info] > git status -z -uall [8ms]
2024-03-28 11:13:32.709 [info] > git config --get commit.template [26ms]
2024-03-28 11:13:32.732 [info] > git ls-files --stage -- /home/finn/Documents/Repos/E-Whiti-Rolleston-College-2024/app/components/Banner/index.tsx [25ms]
2024-03-28 11:13:32.757 [info] > git for-each-ref --format=%(refname)%00%(upstream:short)%00%(objectname)%00%(upstream:track)%00%(upstream:remotename)%00%(upstream:remoteref) refs/heads/master refs/remotes/master [26ms]
2024-03-28 11:13:32.759 [info] > git cat-file -s a8336afc97c8ae860a9b05f8ca01d498e112d5bb [4ms]
2024-03-28 11:13:32.818 [info] > git status -z -uall [28ms]
2024-03-28 11:13:32.823 [info] > git show --textconv :app/components/Banner/index.tsx [6ms]
2024-03-28 11:13:37.878 [info] > git config --get commit.template [27ms]
2024-03-28 11:13:37.880 [info] > git for-each-ref --format=%(refname)%00%(upstream:short)%00%(objectname)%00%(upstream:track)%00%(upstream:remotename)%00%(upstream:remoteref) refs/heads/master refs/remotes/master [4ms]
2024-03-28 11:13:37.911 [info] > git status -z -uall [7ms]
2024-03-28 11:14:10.807 [info] > git config --get commit.template [33ms]
2024-03-28 11:14:10.836 [info] > git ls-files --stage -- /home/finn/Documents/Repos/E-Whiti-Rolleston-College-2024/app/components/Banner/index.tsx [30ms]
2024-03-28 11:14:10.866 [info] > git for-each-ref --format=%(refname)%00%(upstream:short)%00%(objectname)%00%(upstream:track)%00%(upstream:remotename)%00%(upstream:remoteref) refs/heads/master refs/remotes/master [32ms]
2024-03-28 11:14:10.903 [info] > git cat-file -s a8336afc97c8ae860a9b05f8ca01d498e112d5bb [39ms]
2024-03-28 11:14:10.941 [info] > git status -z -uall [39ms]
2024-03-28 11:14:10.946 [info] > git show --textconv :app/components/Banner/index.tsx [5ms]
2024-03-28 11:17:28.773 [info] > git config --get commit.template [39ms]
2024-03-28 11:17:28.806 [info] > git ls-files --stage -- /home/finn/Documents/Repos/E-Whiti-Rolleston-College-2024/app/components/Banner/index.tsx [38ms]
2024-03-28 11:17:28.837 [info] > git for-each-ref --format=%(refname)%00%(upstream:short)%00%(objectname)%00%(upstream:track)%00%(upstream:remotename)%00%(upstream:remoteref) refs/heads/master refs/remotes/master [32ms]
2024-03-28 11:17:28.874 [info] > git cat-file -s a8336afc97c8ae860a9b05f8ca01d498e112d5bb [40ms]
2024-03-28 11:17:28.914 [info] > git status -z -uall [41ms]
2024-03-28 11:17:28.920 [info] > git show --textconv :app/components/Banner/index.tsx [7ms]
2024-03-28 11:46:47.136 [info] > git config --get commit.template [33ms]
2024-03-28 11:46:47.138 [info] > git for-each-ref --format=%(refname)%00%(upstream:short)%00%(objectname)%00%(upstream:track)%00%(upstream:remotename)%00%(upstream:remoteref) refs/heads/master refs/remotes/master [4ms]
2024-03-28 11:46:47.198 [info] > git status -z -uall [30ms]
2024-03-28 11:46:47.204 [info] > git ls-files --stage -- /home/finn/Documents/Repos/E-Whiti-Rolleston-College-2024/app/components/Banner/index.tsx [7ms]
2024-03-28 11:46:47.234 [info] > git cat-file -s a8336afc97c8ae860a9b05f8ca01d498e112d5bb [4ms]
2024-03-28 11:46:47.273 [info] > git show --textconv :app/components/Banner/index.tsx [4ms]
2024-03-28 11:46:52.253 [info] > git config --get commit.template [24ms]
2024-03-28 11:46:52.255 [info] > git for-each-ref --format=%(refname)%00%(upstream:short)%00%(objectname)%00%(upstream:track)%00%(upstream:remotename)%00%(upstream:remoteref) refs/heads/master refs/remotes/master [3ms]
2024-03-28 11:46:52.288 [info] > git status -z -uall [9ms]
2024-03-28 11:47:00.014 [info] > git config --get commit.template [6ms]
2024-03-28 11:47:00.049 [info] > git for-each-ref --format=%(refname)%00%(upstream:short)%00%(objectname)%00%(upstream:track)%00%(upstream:remotename)%00%(upstream:remoteref) refs/heads/master refs/remotes/master [4ms]
2024-03-28 11:47:00.082 [info] > git status -z -uall [8ms]
2024-03-28 11:47:06.101 [info] > git config --get commit.template [28ms]
2024-03-28 11:47:06.103 [info] > git for-each-ref --format=%(refname)%00%(upstream:short)%00%(objectname)%00%(upstream:track)%00%(upstream:remotename)%00%(upstream:remoteref) refs/heads/master refs/remotes/master [4ms]
2024-03-28 11:47:06.143 [info] > git status -z -uall [9ms]
2024-03-28 11:47:06.685 [info] > git check-ignore -v -z --stdin [3ms]
2024-03-28 11:47:07.019 [info] > git show --textconv :app/components/Business/index.tsx [25ms]
2024-03-28 11:47:07.021 [info] > git ls-files --stage -- /home/finn/Documents/Repos/E-Whiti-Rolleston-College-2024/app/components/Business/index.tsx [3ms]
2024-03-28 11:47:07.052 [info] > git cat-file -s b46cc6a16332a78504e9a7eb0a294c34ed591e3c [5ms]
2024-03-28 11:47:08.263 [info] > git ls-files --stage -- /home/finn/Documents/Repos/E-Whiti-Rolleston-College-2024/app/components/Business/index.tsx [3ms]
2024-03-28 11:47:08.287 [info] > git cat-file -s b46cc6a16332a78504e9a7eb0a294c34ed591e3c [3ms]
2024-03-28 11:47:08.318 [info] > git show --textconv :app/components/Business/index.tsx [4ms]
2024-03-28 11:47:11.198 [info] > git config --get commit.template [23ms]
2024-03-28 11:47:11.200 [info] > git for-each-ref --format=%(refname)%00%(upstream:short)%00%(objectname)%00%(upstream:track)%00%(upstream:remotename)%00%(upstream:remoteref) refs/heads/master refs/remotes/master [3ms]
2024-03-28 11:47:11.234 [info] > git status -z -uall [7ms]
2024-03-28 11:47:25.712 [info] > git config --get commit.template [22ms]
2024-03-28 11:47:25.714 [info] > git for-each-ref --format=%(refname)%00%(upstream:short)%00%(objectname)%00%(upstream:track)%00%(upstream:remotename)%00%(upstream:remoteref) refs/heads/master refs/remotes/master [4ms]
2024-03-28 11:47:25.742 [info] > git status -z -uall [7ms]
2024-03-28 11:47:47.738 [info] > git check-ignore -v -z --stdin [3ms]
2024-03-28 11:47:48.388 [info] > git show --textconv :app/components/Features/index.tsx [35ms]
2024-03-28 11:47:48.390 [info] > git ls-files --stage -- /home/finn/Documents/Repos/E-Whiti-Rolleston-College-2024/app/components/Features/index.tsx [4ms]
2024-03-28 11:47:48.424 [info] > git cat-file -s 919378a6a06cf0d0c1b9e9d8adda6e4400ad5021 [5ms]
2024-03-28 11:47:59.862 [info] > git check-ignore -v -z --stdin [2ms]
2024-03-28 11:48:00.473 [info] > git show --textconv :app/components/Footer/index.tsx [26ms]
2024-03-28 11:48:00.476 [info] > git ls-files --stage -- /home/finn/Documents/Repos/E-Whiti-Rolleston-College-2024/app/components/Footer/index.tsx [5ms]
2024-03-28 11:48:00.502 [info] > git cat-file -s d9dadfb3b8d9ae38241e2d717e3429a4d611d64c [3ms]
2024-03-28 11:48:01.785 [info] > git config --get commit.template [28ms]
2024-03-28 11:48:01.787 [info] > git for-each-ref --format=%(refname)%00%(upstream:short)%00%(objectname)%00%(upstream:track)%00%(upstream:remotename)%00%(upstream:remoteref) refs/heads/master refs/remotes/master [3ms]
2024-03-28 11:48:01.822 [info] > git status -z -uall [8ms]
2024-03-28 11:48:08.413 [info] > git config --get commit.template [22ms]
2024-03-28 11:48:08.415 [info] > git for-each-ref --format=%(refname)%00%(upstream:short)%00%(objectname)%00%(upstream:track)%00%(upstream:remotename)%00%(upstream:remoteref) refs/heads/master refs/remotes/master [4ms]
2024-03-28 11:48:08.442 [info] > git status -z -uall [7ms]
2024-03-28 11:48:08.498 [info] > git ls-files --stage -- /home/finn/Documents/Repos/E-Whiti-Rolleston-College-2024/app/components/Footer/index.tsx [3ms]
2024-03-28 11:48:08.522 [info] > git cat-file -s d9dadfb3b8d9ae38241e2d717e3429a4d611d64c [3ms]
2024-03-28 11:48:08.549 [info] > git show --textconv :app/components/Footer/index.tsx [4ms]
2024-03-28 11:48:16.534 [info] > git config --get commit.template [24ms]
2024-03-28 11:48:16.536 [info] > git for-each-ref --format=%(refname)%00%(upstream:short)%00%(objectname)%00%(upstream:track)%00%(upstream:remotename)%00%(upstream:remoteref) refs/heads/master refs/remotes/master [3ms]
2024-03-28 11:48:16.567 [info] > git status -z -uall [8ms]
2024-03-28 11:48:20.998 [info] > git check-ignore -v -z --stdin [3ms]
2024-03-28 11:48:21.751 [info] > git show --textconv :app/components/Navbar/Drawer.tsx [34ms]
2024-03-28 11:48:21.751 [info] > git ls-files --stage -- /home/finn/Documents/Repos/E-Whiti-Rolleston-College-2024/app/components/Navbar/Drawer.tsx [4ms]
2024-03-28 11:48:21.788 [info] > git cat-file -s 16b178d6a8b71b3ba794adc08d89a2c034d0de29 [7ms]
2024-03-28 11:48:25.215 [info] > git check-ignore -v -z --stdin [2ms]
2024-03-28 11:48:25.686 [info] > git show --textconv :app/components/Payment/index.tsx [37ms]
2024-03-28 11:48:25.689 [info] > git ls-files --stage -- /home/finn/Documents/Repos/E-Whiti-Rolleston-College-2024/app/components/Payment/index.tsx [4ms]
2024-03-28 11:48:25.731 [info] > git cat-file -s 05df460c6af0286be0d43531c0df52bdfdb91e90 [10ms]
2024-03-28 11:48:31.343 [info] > git check-ignore -v -z --stdin [3ms]
2024-03-28 11:48:31.757 [info] > git show --textconv :app/components/People/index.tsx [31ms]
2024-03-28 11:48:31.761 [info] > git ls-files --stage -- /home/finn/Documents/Repos/E-Whiti-Rolleston-College-2024/app/components/People/index.tsx [7ms]
2024-03-28 11:48:31.800 [info] > git cat-file -s 8067602cb6fb58bfd23285dcc89b0f4f98b8cee7 [6ms]
2024-03-28 11:48:43.659 [info] > git check-ignore -v -z --stdin [3ms]
2024-03-28 11:48:44.077 [info] > git show --textconv :app/components/Pricing/index.tsx [32ms]
2024-03-28 11:48:44.080 [info] > git ls-files --stage -- /home/finn/Documents/Repos/E-Whiti-Rolleston-College-2024/app/components/Pricing/index.tsx [6ms]
2024-03-28 11:48:44.117 [info] > git cat-file -s 339f6d7f717fcd5271d6fd75319ad68b1015c9eb [6ms]
2024-03-28 11:49:08.962 [info] > git config --get commit.template [31ms]
2024-03-28 11:49:08.989 [info] > git ls-files --stage -- /home/finn/Documents/Repos/E-Whiti-Rolleston-College-2024/app/components/Pricing/index.tsx [29ms]
2024-03-28 11:49:09.017 [info] > git for-each-ref --format=%(refname)%00%(upstream:short)%00%(objectname)%00%(upstream:track)%00%(upstream:remotename)%00%(upstream:remoteref) refs/heads/master refs/remotes/master [30ms]
2024-03-28 11:49:09.047 [info] > git cat-file -s 339f6d7f717fcd5271d6fd75319ad68b1015c9eb [31ms]
2024-03-28 11:49:09.054 [info] > git status -z -uall [7ms]
2024-03-28 11:49:09.089 [info] > git show --textconv :app/components/Pricing/index.tsx [4ms]
2024-03-28 11:49:17.403 [info] > git config --get commit.template [22ms]
2024-03-28 11:49:17.405 [info] > git for-each-ref --format=%(refname)%00%(upstream:short)%00%(objectname)%00%(upstream:track)%00%(upstream:remotename)%00%(upstream:remoteref) refs/heads/master refs/remotes/master [3ms]
2024-03-28 11:49:17.435 [info] > git status -z -uall [7ms]
2024-03-28 11:49:22.483 [info] > git config --get commit.template [21ms]
2024-03-28 11:49:22.484 [info] > git for-each-ref --format=%(refname)%00%(upstream:short)%00%(objectname)%00%(upstream:track)%00%(upstream:remotename)%00%(upstream:remoteref) refs/heads/master refs/remotes/master [3ms]
2024-03-28 11:49:22.514 [info] > git status -z -uall [8ms]
2024-03-28 11:49:27.568 [info] > git config --get commit.template [22ms]
2024-03-28 11:49:27.570 [info] > git for-each-ref --format=%(refname)%00%(upstream:short)%00%(objectname)%00%(upstream:track)%00%(upstream:remotename)%00%(upstream:remoteref) refs/heads/master refs/remotes/master [3ms]
2024-03-28 11:49:27.598 [info] > git status -z -uall [7ms]
2024-03-28 11:50:08.230 [info] > git config --get commit.template [21ms]
2024-03-28 11:50:08.231 [info] > git for-each-ref --format=%(refname)%00%(upstream:short)%00%(objectname)%00%(upstream:track)%00%(upstream:remotename)%00%(upstream:remoteref) refs/heads/master refs/remotes/master [3ms]
2024-03-28 11:50:08.259 [info] > git status -z -uall [7ms]
2024-03-28 11:50:08.315 [info] > git ls-files --stage -- /home/finn/Documents/Repos/E-Whiti-Rolleston-College-2024/app/components/Pricing/index.tsx [3ms]
2024-03-28 11:50:08.338 [info] > git cat-file -s 339f6d7f717fcd5271d6fd75319ad68b1015c9eb [3ms]
2024-03-28 11:50:08.366 [info] > git show --textconv :app/components/Pricing/index.tsx [4ms]
2024-03-28 12:11:40.582 [info] > git config --get commit.template [31ms]
2024-03-28 12:11:40.609 [info] > git ls-files --stage -- /home/finn/Documents/Repos/E-Whiti-Rolleston-College-2024/app/components/Pricing/index.tsx [29ms]
2024-03-28 12:11:40.636 [info] > git for-each-ref --format=%(refname)%00%(upstream:short)%00%(objectname)%00%(upstream:track)%00%(upstream:remotename)%00%(upstream:remoteref) refs/heads/master refs/remotes/master [29ms]
2024-03-28 12:11:40.638 [info] > git cat-file -s 339f6d7f717fcd5271d6fd75319ad68b1015c9eb [3ms]
2024-03-28 12:11:40.691 [info] > git status -z -uall [27ms]
2024-03-28 12:11:40.696 [info] > git show --textconv :app/components/Pricing/index.tsx [6ms]
2024-03-28 12:13:35.497 [info] > git config --get commit.template [34ms]
2024-03-28 12:13:35.523 [info] > git ls-files --stage -- /home/finn/Documents/Repos/E-Whiti-Rolleston-College-2024/app/components/Pricing/index.tsx [27ms]
2024-03-28 12:13:35.545 [info] > git for-each-ref --format=%(refname)%00%(upstream:short)%00%(objectname)%00%(upstream:track)%00%(upstream:remotename)%00%(upstream:remoteref) refs/heads/master refs/remotes/master [24ms]
2024-03-28 12:13:35.570 [info] > git cat-file -s 339f6d7f717fcd5271d6fd75319ad68b1015c9eb [25ms]
2024-03-28 12:13:35.576 [info] > git status -z -uall [8ms]
2024-03-28 12:13:35.615 [info] > git show --textconv :app/components/Pricing/index.tsx [4ms]
2024-03-28 12:15:42.874 [info] > git config --get commit.template [36ms]
2024-03-28 12:15:42.906 [info] > git ls-files --stage -- /home/finn/Documents/Repos/E-Whiti-Rolleston-College-2024/app/components/Pricing/index.tsx [34ms]
2024-03-28 12:15:42.935 [info] > git for-each-ref --format=%(refname)%00%(upstream:short)%00%(objectname)%00%(upstream:track)%00%(upstream:remotename)%00%(upstream:remoteref) refs/heads/master refs/remotes/master [31ms]
2024-03-28 12:15:42.965 [info] > git cat-file -s 339f6d7f717fcd5271d6fd75319ad68b1015c9eb [31ms]
2024-03-28 12:15:42.970 [info] > git status -z -uall [5ms]
2024-03-28 12:15:43.179 [info] > git show --textconv :app/components/Pricing/index.tsx [4ms]
2024-03-28 13:46:49.011 [info] > git config --get commit.template [32ms]
2024-03-28 13:46:49.047 [info] > git ls-files --stage -- /home/finn/Documents/Repos/E-Whiti-Rolleston-College-2024/app/components/Pricing/index.tsx [39ms]
2024-03-28 13:46:49.079 [info] > git for-each-ref --format=%(refname)%00%(upstream:short)%00%(objectname)%00%(upstream:track)%00%(upstream:remotename)%00%(upstream:remoteref) refs/heads/master refs/remotes/master [33ms]
2024-03-28 13:46:49.115 [info] > git cat-file -s 339f6d7f717fcd5271d6fd75319ad68b1015c9eb [38ms]
2024-03-28 13:46:49.118 [info] > git status -z -uall [6ms]
2024-03-28 13:46:49.163 [info] > git show --textconv :app/components/Pricing/index.tsx [4ms]
