2024-04-03 13:12:24.461 [info] Started local extension host with pid 8447.
2024-04-03 13:12:25.317 [error] Extension 'ms-python.debugpy CANNOT USE these API proposals 'portsAttributes'. You MUST start in extension development mode or use the --enable-proposed-api command line flag
2024-04-03 13:12:25.317 [error] Extension 'ms-python.python CANNOT USE these API proposals 'contribEditorContentMenu, quickPickSortByLabel, testObserver, quickPickItemTooltip, terminalDataWriteEvent, terminalExecuteCommandEvent'. You MUST start in extension development mode or use the --enable-proposed-api command line flag
2024-04-03 13:12:25.460 [error] [ms-python.python]: editor/content is a proposed menu identifier. It requires 'package.json#enabledApiProposals: ["contribEditorContentMenu"]' and is only available when running out of dev or with the following command line switch: --enable-proposed-api ms-python.python
2024-04-03 13:12:26.372 [error] [EricSia.pythonsnippets3]: Unknown language in `contributes.pythonsnippets3.language`. Provided value: django-html
2024-04-03 13:12:26.373 [error] [EricSia.pythonsnippets3]: Unknown language in `contributes.pythonsnippets3.language`. Provided value: django-txt
2024-04-03 13:12:26.373 [error] [EricSia.pythonsnippets3pro]: Unknown language in `contributes.pythonsnippets3pro.language`. Provided value: django-html
2024-04-03 13:12:26.373 [error] [EricSia.pythonsnippets3pro]: Unknown language in `contributes.pythonsnippets3pro.language`. Provided value: django-txt
2024-04-03 13:12:26.373 [error] [xabikos.JavaScriptSnippets]: Unknown language in `contributes.JavaScriptSnippets.language`. Provided value: vue
2024-04-03 13:12:27.463 [info] [perf] Render performance baseline is 27ms
2024-04-03 13:12:57.006 [info] Started local extension host with pid 9126.
2024-04-03 13:12:57.132 [error] Extension 'ms-python.debugpy CANNOT USE these API proposals 'portsAttributes'. You MUST start in extension development mode or use the --enable-proposed-api command line flag
2024-04-03 13:12:57.132 [error] Extension 'ms-python.python CANNOT USE these API proposals 'contribEditorContentMenu, quickPickSortByLabel, testObserver, quickPickItemTooltip, terminalDataWriteEvent, terminalExecuteCommandEvent'. You MUST start in extension development mode or use the --enable-proposed-api command line flag
2024-04-03 13:12:57.217 [error] [ms-python.python]: editor/content is a proposed menu identifier. It requires 'package.json#enabledApiProposals: ["contribEditorContentMenu"]' and is only available when running out of dev or with the following command line switch: --enable-proposed-api ms-python.python
2024-04-03 13:13:11.404 [error] [EricSia.pythonsnippets3]: Unknown language in `contributes.pythonsnippets3.language`. Provided value: django-html
2024-04-03 13:13:11.405 [error] [EricSia.pythonsnippets3]: Unknown language in `contributes.pythonsnippets3.language`. Provided value: django-txt
2024-04-03 13:13:11.405 [error] [EricSia.pythonsnippets3pro]: Unknown language in `contributes.pythonsnippets3pro.language`. Provided value: django-html
2024-04-03 13:13:11.406 [error] [EricSia.pythonsnippets3pro]: Unknown language in `contributes.pythonsnippets3pro.language`. Provided value: django-txt
2024-04-03 13:13:11.406 [error] [xabikos.JavaScriptSnippets]: Unknown language in `contributes.JavaScriptSnippets.language`. Provided value: vue
2024-04-03 13:13:22.343 [info] [perf] Render performance baseline is 42ms
