2024-04-03 13:12:23.878 [info] Added views:workbench.panel.markers.view in workbench.panel.markers
2024-04-03 13:12:23.878 [info] Added views:workbench.panel.output in workbench.panel.output
2024-04-03 13:12:23.878 [info] Added views:terminal in terminal
2024-04-03 13:12:23.878 [info] Added views:outline in workbench.view.explorer
2024-04-03 13:12:23.878 [info] Added views:workbench.scm in workbench.view.scm
2024-04-03 13:12:23.878 [info] Added views:workbench.view.search in workbench.view.search
2024-04-03 13:12:23.878 [info] Added views:timeline in workbench.view.explorer
2024-04-03 13:12:23.878 [info] Added views:workbench.explorer.fileView in workbench.view.explorer
2024-04-03 13:12:24.618 [info] Added views:workbench.debug.welcome in workbench.view.debug
2024-04-03 13:12:25.527 [info] Added views:github-actions.empty-view in workbench.view.extension.github-actions
2024-04-03 13:12:25.878 [info] Added views:workbench.panel.repl.view in workbench.panel.repl
2024-04-03 13:12:26.242 [info] Added views:workbench.view.testing in workbench.view.extension.test
2024-04-03 13:12:26.499 [info] Added views:test-explorer in workbench.view.extension.test
2024-04-03 13:12:26.751 [info] Added views:~remote.forwardedPorts in ~remote.forwardedPortsContainer
2024-04-03 13:12:54.213 [info] Removed views:workbench.view.testing from workbench.view.extension.test
2024-04-03 13:12:56.641 [info] Added views:workbench.panel.markers.view in workbench.panel.markers
2024-04-03 13:12:56.641 [info] Added views:workbench.panel.output in workbench.panel.output
2024-04-03 13:12:56.641 [info] Added views:terminal in terminal
2024-04-03 13:12:56.641 [info] Added views:outline in workbench.view.explorer
2024-04-03 13:12:56.641 [info] Added views:workbench.scm in workbench.view.scm
2024-04-03 13:12:56.641 [info] Added views:workbench.view.search in workbench.view.search
2024-04-03 13:12:56.641 [info] Added views:timeline in workbench.view.explorer
2024-04-03 13:12:56.641 [info] Added views:workbench.explorer.fileView in workbench.view.explorer
2024-04-03 13:12:56.862 [info] Added views:workbench.debug.variablesView,workbench.debug.watchExpressionsView,workbench.debug.callStackView,workbench.debug.breakPointsView in workbench.view.debug
2024-04-03 13:12:57.287 [info] Added views:github-actions.empty-view in workbench.view.extension.github-actions
2024-04-03 13:12:57.881 [info] Added views:workbench.panel.repl.view in workbench.panel.repl
2024-04-03 13:13:02.496 [info] Added views:test-explorer in workbench.view.extension.test
2024-04-03 13:13:16.304 [info] Added views:~remote.forwardedPorts in ~remote.forwardedPortsContainer
