2024-03-25 11:01:51.367 [info] Reading sessions from keychain...
2024-03-25 11:01:51.367 [info] Getting sessions for all scopes...
2024-03-25 11:01:51.370 [info] Getting sessions for read:user,repo,user:email,workflow...
2024-03-25 11:01:51.370 [info] Getting sessions for all scopes...
2024-03-25 11:01:51.428 [info] Got stored sessions!
2024-03-25 11:01:51.428 [info] Got 1 verified sessions.
2024-03-25 11:01:51.428 [info] Got 1 sessions for ...
2024-03-25 11:01:51.428 [info] Got 1 sessions for read:user,repo,user:email,workflow...
2024-03-25 11:01:51.428 [info] Got 1 sessions for ...
2024-03-25 11:01:53.534 [info] Getting sessions for read:user,repo,user:email,workflow...
2024-03-25 11:01:53.535 [info] Got 1 sessions for read:user,repo,user:email,workflow...
2024-03-25 11:06:38.674 [info] Getting sessions for read:user,repo,user:email,workflow...
2024-03-25 11:06:38.674 [info] Got 1 sessions for read:user,repo,user:email,workflow...
2024-03-25 11:07:45.131 [info] Getting sessions for read:user,repo,user:email,workflow...
2024-03-25 11:07:45.131 [info] Got 1 sessions for read:user,repo,user:email,workflow...
2024-03-25 11:08:23.593 [info] Getting sessions for read:user,repo,user:email,workflow...
2024-03-25 11:08:23.593 [info] Got 1 sessions for read:user,repo,user:email,workflow...
2024-03-25 14:55:41.280 [info] Reading sessions from keychain...
2024-03-25 14:55:41.280 [info] Getting sessions for all scopes...
2024-03-25 14:55:41.408 [info] Getting sessions for read:user,repo,user:email,workflow...
2024-03-25 14:55:41.414 [info] Got stored sessions!
2024-03-25 14:55:41.414 [info] Got 1 verified sessions.
2024-03-25 14:55:41.414 [info] Got 1 sessions for ...
2024-03-25 14:55:41.415 [info] Got 1 sessions for read:user,repo,user:email,workflow...
2024-03-25 14:55:41.569 [info] Getting sessions for all scopes...
2024-03-25 14:55:41.570 [info] Got 1 sessions for ...
2024-03-25 14:55:42.989 [info] Getting sessions for read:user,repo,user:email,workflow...
2024-03-25 14:55:42.989 [info] Got 1 sessions for read:user,repo,user:email,workflow...
