2024-04-03 09:37:25.407 [info] Getting Manifest... rust-lang.rust-analyzer
2024-04-03 09:37:34.917 [info] Installing extension: rust-lang.rust-analyzer
2024-04-03 09:42:07.443 [error] Could not load vsce-sign module Cannot find module '@vscode/vsce-sign'
Require stack:
- /usr/lib/code/out/bootstrap-amd.js
- /usr/lib/code/out/bootstrap-fork.js
- 
2024-04-03 09:42:07.461 [info] Extension signature verification is not done: rust-lang.rust-analyzer
2024-04-03 09:42:08.792 [info] Extracted extension to file:///home/finn/.vscode-oss/extensions/rust-lang.rust-analyzer-0.3.1906-linux-x64: rust-lang.rust-analyzer
2024-04-03 09:42:08.803 [info] Renamed to /home/finn/.vscode-oss/extensions/rust-lang.rust-analyzer-0.3.1906-linux-x64
2024-04-03 09:42:08.809 [info] Extracting extension completed. rust-lang.rust-analyzer
2024-04-03 09:42:08.836 [info] Extension installed successfully: rust-lang.rust-analyzer
2024-04-03 09:42:08.844 [info] Marked extension as uninstalled rust-lang.rust-analyzer-0.3.1896-linux-x64
2024-04-03 09:42:08.913 [error] [uncaught exception in sharedProcess]: Error: ENOENT: no such file or directory, stat '/home/finn/.vscode-oss/extensions/extensions.json.vsctmp': EntryNotFound (FileSystemError): Error: ENOENT: no such file or directory, stat '/home/finn/.vscode-oss/extensions/extensions.json.vsctmp'
    at r.create (/usr/lib/code/out/vs/code/node/sharedProcess/sharedProcessMain.js:51:30083)
    at a (/usr/lib/code/out/vs/code/node/sharedProcess/sharedProcessMain.js:51:30198)
    at i.fb (/usr/lib/code/out/vs/code/node/sharedProcess/sharedProcessMain.js:56:36634)
    at i.stat (/usr/lib/code/out/vs/code/node/sharedProcess/sharedProcessMain.js:56:29080)
    at async v.stat (/usr/lib/code/out/vs/code/node/sharedProcess/sharedProcessMain.js:56:16226)
    at async X.sb (/usr/lib/code/out/vs/code/node/sharedProcess/sharedProcessMain.js:102:107729)
