2024-03-27 09:38:36.443 [info] Log level: Info
2024-03-27 09:38:36.443 [info] Validating found git in: "git"
2024-03-27 09:38:36.443 [info] Using git "2.44.0" from "git"
2024-03-27 09:38:36.443 [info] > git rev-parse --show-toplevel [5ms]
2024-03-27 09:38:36.443 [info] > git rev-parse --git-dir --git-common-dir [4ms]
2024-03-27 09:38:36.443 [info] Open repository: /home/finn/Documents/Repos/E-Whiti-Rolleston-College-2024
2024-03-27 09:38:36.443 [info] > git rev-parse --show-toplevel [13ms]
2024-03-27 09:38:36.443 [info] > git config --get commit.template [33ms]
2024-03-27 09:38:36.443 [info] > git rev-parse --show-toplevel [24ms]
2024-03-27 09:38:36.446 [info] > git rev-parse --show-toplevel [17ms]
2024-03-27 09:38:36.447 [info] > git for-each-ref --format=%(refname)%00%(upstream:short)%00%(objectname)%00%(upstream:track)%00%(upstream:remotename)%00%(upstream:remoteref) refs/heads/master refs/remotes/master [47ms]
2024-03-27 09:38:36.498 [info] > git status -z -uall [29ms]
2024-03-27 09:38:36.737 [info] > git config --get commit.template [53ms]
2024-03-27 09:38:36.799 [info] > git for-each-ref --format=%(refname)%00%(upstream:short)%00%(objectname)%00%(upstream:track)%00%(upstream:remotename)%00%(upstream:remoteref) refs/heads/master refs/remotes/master [5ms]
2024-03-27 09:38:36.826 [info] > git status -z -uall [7ms]
2024-03-27 09:38:37.186 [info] > git check-ignore -v -z --stdin [3ms]
2024-03-27 09:38:38.145 [info] > git show --textconv :app/globals.css [13ms]
2024-03-27 09:38:38.146 [info] > git ls-files --stage -- /home/finn/Documents/Repos/E-Whiti-Rolleston-College-2024/app/globals.css [2ms]
2024-03-27 09:38:38.157 [info] > git cat-file -s db5e179a64451ed17580122fd84a823fb3f87a99 [1ms]
2024-03-27 09:38:56.458 [info] > git check-ignore -v -z --stdin [3ms]
2024-03-27 09:38:57.435 [info] > git show --textconv :public/assets/logo/icon.svg [24ms]
2024-03-27 09:38:57.437 [info] > git ls-files --stage -- /home/finn/Documents/Repos/E-Whiti-Rolleston-College-2024/public/assets/logo/icon.svg [3ms]
2024-03-27 09:38:57.461 [info] > git cat-file -s c6f731d3ab49d36c621fd01f5629ce3de4d6a3fe [3ms]
2024-03-27 09:38:58.991 [info] > git show --textconv :public/assets/logo/logo.svg [28ms]
2024-03-27 09:38:58.994 [info] > git ls-files --stage -- /home/finn/Documents/Repos/E-Whiti-Rolleston-College-2024/public/assets/logo/logo.svg [4ms]
2024-03-27 09:38:59.023 [info] > git cat-file -s 58d11958984860a339c12b3a3521430b0a9a4b00 [3ms]
2024-03-27 09:39:01.790 [info] > git show --textconv :public/assets/logo/icon.svg [25ms]
2024-03-27 09:39:01.792 [info] > git ls-files --stage -- /home/finn/Documents/Repos/E-Whiti-Rolleston-College-2024/public/assets/logo/icon.svg [4ms]
2024-03-27 09:39:01.817 [info] > git cat-file -s c6f731d3ab49d36c621fd01f5629ce3de4d6a3fe [3ms]
