2024-03-25 09:01:57.745 [info] Extension host with pid 2308 started
2024-03-25 09:01:57.745 [info] Skipping acquiring lock for /home/finn/.config/Code - OSS/User/workspaceStorage/f5a1effa0e636ccaa97bea3c76ecac79.
2024-03-25 09:01:57.869 [info] ExtensionService#_doActivateExtension vscode.emmet, startup: false, activationEvent: 'onLanguage'
2024-03-25 09:01:57.881 [info] ExtensionService#_doActivateExtension vscode.typescript-language-features, startup: false, activationEvent: 'onLanguage:typescript'
2024-03-25 09:01:57.917 [info] ExtensionService#_doActivateExtension christian-kohler.npm-intellisense, startup: false, activationEvent: 'onLanguage:typescript'
2024-03-25 09:01:58.088 [info] ExtensionService#_doActivateExtension vscode.git-base, startup: true, activationEvent: '*', root cause: vscode.git
2024-03-25 09:01:58.099 [info] ExtensionService#_doActivateExtension christian-kohler.path-intellisense, startup: true, activationEvent: '*'
2024-03-25 09:01:58.180 [info] ExtensionService#_doActivateExtension hbenl.test-adapter-converter, startup: true, activationEvent: '*', root cause: hbenl.vscode-test-explorer
2024-03-25 09:01:58.189 [info] ExtensionService#_doActivateExtension tombonnike.vscode-status-bar-format-toggle, startup: true, activationEvent: '*'
2024-03-25 09:01:58.204 [info] ExtensionService#_doActivateExtension vscode.npm, startup: true, activationEvent: 'workspaceContains:package.json'
2024-03-25 09:01:58.270 [info] ExtensionService#_doActivateExtension vscode.git, startup: true, activationEvent: '*'
2024-03-25 09:01:58.307 [info] ExtensionService#_doActivateExtension vscode.github, startup: true, activationEvent: '*'
2024-03-25 09:01:58.322 [info] ExtensionService#_doActivateExtension hbenl.vscode-test-explorer, startup: true, activationEvent: '*'
2024-03-25 09:01:58.376 [info] ExtensionService#_doActivateExtension astro-build.astro-vscode, startup: true, activationEvent: 'workspaceContains:astro.config.*'
2024-03-25 09:01:58.454 [info] ExtensionService#_doActivateExtension Swellaby.vscode-rust-test-adapter, startup: true, activationEvent: '*'
2024-03-25 09:01:58.455 [error] Activating extension Swellaby.vscode-rust-test-adapter failed due to an error:
2024-03-25 09:01:58.455 [error] Error: Cannot find module '/home/finn/.vscode-oss/extensions/swellaby.vscode-rust-test-adapter-0.11.1-universal/src/main.js'
Require stack:
- /usr/lib/code/out/vs/loader.js
- /usr/lib/code/out/bootstrap-amd.js
- /usr/lib/code/out/bootstrap-fork.js
- 
	at node:internal/modules/cjs/loader:1084:15
	at Function._resolveFilename (node:electron/js2c/utility_init:2:13406)
	at node:internal/modules/cjs/loader:929:27
	at Function.<anonymous> (node:electron/js2c/node_init:2:13357)
	at h._load (/usr/lib/code/out/vs/workbench/api/node/extensionHostProcess.js:173:5634)
	at n._load (/usr/lib/code/out/vs/workbench/api/node/extensionHostProcess.js:170:29786)
	at t._load (/usr/lib/code/out/vs/workbench/api/node/extensionHostProcess.js:135:35289)
	at Module.require (node:internal/modules/cjs/loader:1150:19)
	at require (node:internal/modules/cjs/helpers:121:18)
	at Function.i [as __$__nodeRequire] (/usr/lib/code/out/vs/loader.js:5:98)
	at w.vb (/usr/lib/code/out/vs/workbench/api/node/extensionHostProcess.js:170:30965)
	at async Promise.all (index 0)
2024-03-25 09:01:58.726 [info] ExtensionService#_doActivateExtension vscode.github-authentication, startup: false, activationEvent: 'onAuthenticationRequest:github'
2024-03-25 09:01:59.329 [info] Eager extensions activated
2024-03-25 09:01:59.343 [info] ExtensionService#_doActivateExtension vscode.debug-auto-launch, startup: false, activationEvent: 'onStartupFinished'
2024-03-25 09:01:59.350 [info] ExtensionService#_doActivateExtension vscode.merge-conflict, startup: false, activationEvent: 'onStartupFinished'
2024-03-25 09:01:59.359 [info] ExtensionService#_doActivateExtension dbaeumer.vscode-eslint, startup: false, activationEvent: 'onStartupFinished'
2024-03-25 09:01:59.377 [info] ExtensionService#_doActivateExtension franneck94.vscode-rust-config, startup: false, activationEvent: 'onStartupFinished'
2024-03-25 09:01:59.381 [info] ExtensionService#_doActivateExtension ms-dotnettools.vscode-dotnet-runtime, startup: false, activationEvent: 'onStartupFinished'
2024-03-25 09:01:59.450 [info] ExtensionService#_doActivateExtension vadimcn.vscode-lldb, startup: false, activationEvent: 'onStartupFinished'
