2024-04-03 09:37:06.543 [info] Added views:workbench.panel.markers.view in workbench.panel.markers
2024-04-03 09:37:06.543 [info] Added views:workbench.panel.output in workbench.panel.output
2024-04-03 09:37:06.543 [info] Added views:terminal in terminal
2024-04-03 09:37:06.543 [info] Added views:outline in workbench.view.explorer
2024-04-03 09:37:06.543 [info] Added views:workbench.scm in workbench.view.scm
2024-04-03 09:37:06.543 [info] Added views:workbench.view.search in workbench.view.search
2024-04-03 09:37:06.543 [info] Added views:timeline in workbench.view.explorer
2024-04-03 09:37:06.543 [info] Added views:workbench.explorer.fileView in workbench.view.explorer
2024-04-03 09:37:07.046 [info] Added views:workbench.debug.welcome in workbench.view.debug
2024-04-03 09:37:07.371 [info] Added views:github-actions.empty-view in workbench.view.extension.github-actions
2024-04-03 09:37:07.930 [info] Added views:workbench.panel.repl.view in workbench.panel.repl
2024-04-03 09:37:09.482 [info] Added views:test-explorer in workbench.view.extension.test
2024-04-03 09:37:11.422 [info] Added views:~remote.forwardedPorts in ~remote.forwardedPortsContainer
2024-04-03 09:37:15.059 [info] Added views:workbench.panel.markers.view in workbench.panel.markers
2024-04-03 09:37:15.059 [info] Added views:workbench.panel.output in workbench.panel.output
2024-04-03 09:37:15.059 [info] Added views:terminal in terminal
2024-04-03 09:37:15.059 [info] Added views:outline in workbench.view.explorer
2024-04-03 09:37:15.059 [info] Added views:workbench.scm in workbench.view.scm
2024-04-03 09:37:15.059 [info] Added views:workbench.view.search in workbench.view.search
2024-04-03 09:37:15.059 [info] Added views:timeline in workbench.view.explorer
2024-04-03 09:37:15.059 [info] Added views:workbench.explorer.fileView in workbench.view.explorer
2024-04-03 09:37:15.413 [info] Added views:workbench.debug.welcome in workbench.view.debug
2024-04-03 09:37:15.606 [info] Added views:github-actions.empty-view in workbench.view.extension.github-actions
2024-04-03 09:37:16.352 [info] Added views:workbench.panel.repl.view in workbench.panel.repl
2024-04-03 09:37:16.687 [info] Added views:workbench.view.testing in workbench.view.extension.test
2024-04-03 09:37:17.124 [info] Added views:test-explorer in workbench.view.extension.test
2024-04-03 09:37:17.603 [info] Added views:~remote.forwardedPorts in ~remote.forwardedPortsContainer
2024-04-03 09:45:19.283 [info] Removed views:workbench.view.testing from workbench.view.extension.test
