2024-03-25 08:56:58.638 [info] Added views:workbench.panel.markers.view in workbench.panel.markers
2024-03-25 08:56:58.638 [info] Added views:workbench.panel.output in workbench.panel.output
2024-03-25 08:56:58.638 [info] Added views:terminal in terminal
2024-03-25 08:56:58.638 [info] Added views:outline in workbench.view.explorer
2024-03-25 08:56:58.638 [info] Added views:workbench.scm in workbench.view.scm
2024-03-25 08:56:58.638 [info] Added views:workbench.view.search in workbench.view.search
2024-03-25 08:56:58.638 [info] Added views:timeline in workbench.view.explorer
2024-03-25 08:56:58.638 [info] Added views:workbench.explorer.emptyView in workbench.view.explorer
2024-03-25 08:56:58.796 [info] Added views:github-actions.empty-view in workbench.view.extension.github-actions
2024-03-25 08:56:58.909 [info] Added views:workbench.debug.variablesView,workbench.debug.watchExpressionsView,workbench.debug.callStackView,workbench.debug.breakPointsView in workbench.view.debug
2024-03-25 08:56:59.017 [info] Added views:workbench.panel.repl.view in workbench.panel.repl
2024-03-25 08:56:59.018 [info] Removed views:workbench.debug.breakPointsView,workbench.debug.callStackView,workbench.debug.watchExpressionsView,workbench.debug.variablesView from workbench.view.debug
2024-03-25 08:56:59.019 [info] Added views:workbench.debug.welcome in workbench.view.debug
2024-03-25 08:56:59.040 [info] Added views:~remote.forwardedPorts in ~remote.forwardedPortsContainer
2024-03-25 08:56:59.223 [info] Added views:test-explorer in workbench.view.extension.test
2024-03-25 08:57:52.839 [info] Added views:workbench.panel.markers.view in workbench.panel.markers
2024-03-25 08:57:52.839 [info] Added views:workbench.panel.output in workbench.panel.output
2024-03-25 08:57:52.839 [info] Added views:terminal in terminal
2024-03-25 08:57:52.839 [info] Added views:outline in workbench.view.explorer
2024-03-25 08:57:52.839 [info] Added views:workbench.scm in workbench.view.scm
2024-03-25 08:57:52.839 [info] Added views:workbench.view.search in workbench.view.search
2024-03-25 08:57:52.839 [info] Added views:timeline in workbench.view.explorer
2024-03-25 08:57:52.839 [info] Added views:workbench.explorer.fileView in workbench.view.explorer
2024-03-25 08:57:52.983 [info] Added views:github-actions.empty-view in workbench.view.extension.github-actions
2024-03-25 08:57:53.084 [info] Added views:workbench.debug.variablesView,workbench.debug.watchExpressionsView,workbench.debug.callStackView,workbench.debug.breakPointsView in workbench.view.debug
2024-03-25 08:57:53.128 [info] Added views:~remote.forwardedPorts in ~remote.forwardedPortsContainer
2024-03-25 08:57:53.298 [info] Added views:workbench.panel.repl.view in workbench.panel.repl
2024-03-25 08:57:53.436 [info] Added views:test-explorer in workbench.view.extension.test
2024-03-25 08:58:21.228 [info] Added views:workbench.views.extensions.installed,workbench.views.extensions.popular,extensions.recommendedList in workbench.view.extensions
2024-03-25 08:58:21.229 [info] Removed views:workbench.views.extensions.popular from workbench.view.extensions
2024-03-25 08:58:21.813 [info] Removed views:extensions.recommendedList,workbench.views.extensions.installed from workbench.view.extensions
2024-03-25 08:58:21.821 [info] Added views:workbench.views.extensions.workspaceRecommendations,workbench.views.extensions.otherRecommendations in workbench.view.extensions
