2024-03-27 09:38:34.624 [info] Extension host with pid 39885 started
2024-03-27 09:38:34.624 [info] Skipping acquiring lock for /home/finn/.config/Code - OSS/User/workspaceStorage/f7b6c5b0741a783c90d532be6c25261c.
2024-03-27 09:38:34.933 [info] ExtensionService#_doActivateExtension vscode.emmet, startup: false, activationEvent: 'onLanguage'
2024-03-27 09:38:34.953 [info] ExtensionService#_doActivateExtension vscode.css-language-features, startup: false, activationEvent: 'onLanguage:css'
2024-03-27 09:38:35.802 [info] ExtensionService#_doActivateExtension vscode.git-base, startup: true, activationEvent: '*', root cause: vscode.git
2024-03-27 09:38:35.809 [info] ExtensionService#_doActivateExtension christian-kohler.path-intellisense, startup: true, activationEvent: '*'
2024-03-27 09:38:35.851 [info] ExtensionService#_doActivateExtension hbenl.test-adapter-converter, startup: true, activationEvent: '*', root cause: hbenl.vscode-test-explorer
2024-03-27 09:38:35.857 [info] ExtensionService#_doActivateExtension tombonnike.vscode-status-bar-format-toggle, startup: true, activationEvent: '*'
2024-03-27 09:38:35.869 [info] ExtensionService#_doActivateExtension vscode.npm, startup: true, activationEvent: 'workspaceContains:package.json'
2024-03-27 09:38:35.997 [info] ExtensionService#_doActivateExtension vscode.git, startup: true, activationEvent: '*'
2024-03-27 09:38:36.046 [info] ExtensionService#_doActivateExtension vscode.github, startup: true, activationEvent: '*'
2024-03-27 09:38:36.062 [info] ExtensionService#_doActivateExtension hbenl.vscode-test-explorer, startup: true, activationEvent: '*'
2024-03-27 09:38:36.334 [info] ExtensionService#_doActivateExtension Swellaby.vscode-rust-test-adapter, startup: true, activationEvent: '*'
2024-03-27 09:38:36.341 [error] Activating extension Swellaby.vscode-rust-test-adapter failed due to an error:
2024-03-27 09:38:36.341 [error] Error: Cannot find module '/home/finn/.vscode-oss/extensions/swellaby.vscode-rust-test-adapter-0.11.1-universal/src/main.js'
Require stack:
- /usr/lib/code/out/vs/loader.js
- /usr/lib/code/out/bootstrap-amd.js
- /usr/lib/code/out/bootstrap-fork.js
- 
	at node:internal/modules/cjs/loader:1084:15
	at Function._resolveFilename (node:electron/js2c/utility_init:2:13406)
	at node:internal/modules/cjs/loader:929:27
	at Function.<anonymous> (node:electron/js2c/node_init:2:13357)
	at h._load (/usr/lib/code/out/vs/workbench/api/node/extensionHostProcess.js:173:5634)
	at n._load (/usr/lib/code/out/vs/workbench/api/node/extensionHostProcess.js:170:29786)
	at t._load (/usr/lib/code/out/vs/workbench/api/node/extensionHostProcess.js:135:35289)
	at Module.require (node:internal/modules/cjs/loader:1150:19)
	at require (node:internal/modules/cjs/helpers:121:18)
	at Function.i [as __$__nodeRequire] (/usr/lib/code/out/vs/loader.js:5:98)
	at w.vb (/usr/lib/code/out/vs/workbench/api/node/extensionHostProcess.js:170:30965)
	at async Promise.all (index 0)
2024-03-27 09:38:36.342 [info] Eager extensions activated
2024-03-27 09:38:36.471 [info] ExtensionService#_doActivateExtension vscode.debug-auto-launch, startup: false, activationEvent: 'onStartupFinished'
2024-03-27 09:38:36.485 [info] ExtensionService#_doActivateExtension vscode.merge-conflict, startup: false, activationEvent: 'onStartupFinished'
2024-03-27 09:38:36.513 [info] ExtensionService#_doActivateExtension dbaeumer.vscode-eslint, startup: false, activationEvent: 'onStartupFinished'
2024-03-27 09:38:36.532 [info] ExtensionService#_doActivateExtension franneck94.vscode-rust-config, startup: false, activationEvent: 'onStartupFinished'
2024-03-27 09:38:36.535 [info] ExtensionService#_doActivateExtension ms-dotnettools.vscode-dotnet-runtime, startup: false, activationEvent: 'onStartupFinished'
2024-03-27 09:38:36.647 [info] ExtensionService#_doActivateExtension vadimcn.vscode-lldb, startup: false, activationEvent: 'onStartupFinished'
2024-03-27 09:38:36.745 [info] ExtensionService#_doActivateExtension vscode.github-authentication, startup: false, activationEvent: 'onAuthenticationRequest:github'
