2024-03-25 11:01:48.980 [info] Added views:workbench.panel.markers.view in workbench.panel.markers
2024-03-25 11:01:48.981 [info] Added views:workbench.panel.output in workbench.panel.output
2024-03-25 11:01:48.981 [info] Added views:terminal in terminal
2024-03-25 11:01:48.981 [info] Added views:outline in workbench.view.explorer
2024-03-25 11:01:48.981 [info] Added views:workbench.scm in workbench.view.scm
2024-03-25 11:01:48.981 [info] Added views:workbench.view.search in workbench.view.search
2024-03-25 11:01:48.981 [info] Added views:timeline in workbench.view.explorer
2024-03-25 11:01:48.981 [info] Added views:workbench.explorer.fileView in workbench.view.explorer
2024-03-25 11:01:49.487 [info] Added views:github-actions.empty-view in workbench.view.extension.github-actions
2024-03-25 11:01:49.814 [info] Added views:workbench.debug.variablesView,workbench.debug.watchExpressionsView,workbench.debug.callStackView,workbench.debug.breakPointsView in workbench.view.debug
2024-03-25 11:01:50.119 [info] Added views:~remote.forwardedPorts in ~remote.forwardedPortsContainer
2024-03-25 11:01:50.477 [info] Added views:workbench.panel.repl.view in workbench.panel.repl
2024-03-25 11:01:50.767 [info] Added views:test-explorer in workbench.view.extension.test
2024-03-25 14:55:37.185 [info] Added views:workbench.panel.markers.view in workbench.panel.markers
2024-03-25 14:55:37.185 [info] Added views:workbench.panel.output in workbench.panel.output
2024-03-25 14:55:37.185 [info] Added views:terminal in terminal
2024-03-25 14:55:37.185 [info] Added views:outline in workbench.view.explorer
2024-03-25 14:55:37.185 [info] Added views:workbench.scm in workbench.view.scm
2024-03-25 14:55:37.185 [info] Added views:workbench.view.search in workbench.view.search
2024-03-25 14:55:37.185 [info] Added views:timeline in workbench.view.explorer
2024-03-25 14:55:37.185 [info] Added views:workbench.explorer.fileView in workbench.view.explorer
2024-03-25 14:55:37.485 [info] Added views:workbench.debug.welcome in workbench.view.debug
2024-03-25 14:55:37.807 [info] Added views:github-actions.empty-view in workbench.view.extension.github-actions
2024-03-25 14:55:38.696 [info] Added views:workbench.panel.repl.view in workbench.panel.repl
2024-03-25 14:55:40.073 [info] Added views:test-explorer in workbench.view.extension.test
2024-03-25 14:55:41.629 [info] Added views:~remote.forwardedPorts in ~remote.forwardedPortsContainer
